2025-05-13 12:31:03,352 - Results directory not found: logs/results
2025-05-13 12:38:34,289 - No sessions found for victim c7d173
2025-05-13 12:40:15,428 - No sessions found for victim 0ad028
2025-05-13 12:56:01,515 - Rebuilding ZIP for victim c7d173, session sessiona6097c26
2025-05-13 12:56:01,518 - Base32 decoding error for /root/dns-c2/logs/results/c7d173/sessiona6097c26/chunk000000.b64: Non-base32 digit found
2025-05-16 06:48:40,752 - Rebuilding ZIP for victim c7d173, session sessiona6097c26
2025-05-16 06:48:40,753 - Base32 decoding error for /root/dns-c2/logs/results/c7d173/sessiona6097c26/chunk000000.b64: Non-base32 digit found
2025-05-16 06:54:03,929 - Entries in /root/dns-c2/logs/results/c7d173: ['sessiona6097c26']
2025-05-16 06:54:09,092 - Rebuilding ZIP for victim c7d173, session sessiona6097c26
2025-05-16 06:54:09,093 - Found chunk files in /root/dns-c2/logs/results/c7d173/sessiona6097c26: ['chunk000015.b64', 'chunk000044.b64', 'chunk000137.b64', 'chunk000061.b64', 'chunk000155.b64', 'chunk000056.b64', 'chunk000095.b64', 'chunk000033.b64', 'chunk000148.b64', 'chunk000144.b64', 'chunk000145.b64', 'chunk000102.b64', 'chunk000022.b64', 'chunk000156.b64', 'chunk000123.b64', 'chunk000127.b64', 'chunk000125.b64', 'chunk000010.b64', 'chunk000045.b64', 'chunk000084.b64', 'chunk000043.b64', 'chunk000057.b64', 'chunk000011.b64', 'chunk000014.b64', 'chunk000000.b64', 'chunk000112.b64', 'chunk000054.b64', 'chunk000051.b64', 'chunk000141.b64', 'chunk000113.b64', 'chunk000147.b64', 'chunk000047.b64', 'chunk000119.b64', 'chunk000088.b64', 'chunk000079.b64', 'chunk000038.b64', 'chunk000146.b64', 'chunk000149.b64', 'chunk000037.b64', 'chunk000041.b64', 'chunk000093.b64', 'chunk000097.b64', 'chunk000154.b64', 'chunk000059.b64', 'chunk000070.b64', 'chunk000136.b64', 'chunk000086.b64', 'chunk000063.b64', 'chunk000100.b64', 'chunk000111.b64', 'chunk000048.b64', 'chunk000080.b64', 'chunk000018.b64', 'chunk000012.b64', 'chunk000008.b64', 'chunk000074.b64', 'chunk000040.b64', 'chunk000133.b64', 'chunk000132.b64', 'chunk000017.b64', 'chunk000077.b64', 'chunk000128.b64', 'chunk000002.b64', 'chunk000130.b64', 'chunk000121.b64', 'chunk000105.b64', 'chunk000052.b64', 'chunk000069.b64', 'chunk000103.b64', 'chunk000083.b64', 'chunk000046.b64', 'chunk000058.b64', 'chunk000115.b64', 'chunk000122.b64', 'chunk000089.b64', 'chunk000053.b64', 'chunk000118.b64', 'chunk000131.b64', 'chunk000081.b64', 'chunk000096.b64', 'chunk000035.b64', 'chunk000076.b64', 'chunk000107.b64', 'chunk000098.b64', 'chunk000092.b64', 'chunk000091.b64', 'chunk000109.b64', 'chunk000087.b64', 'chunk000066.b64', 'chunk000039.b64', 'chunk000124.b64', 'chunk000151.b64', 'chunk000139.b64', 'chunk000071.b64', 'chunk000034.b64', 'chunk000021.b64', 'chunk000016.b64', 'chunk000120.b64', 'chunk000075.b64', 'chunk000101.b64', 'chunk000025.b64', 'chunk000152.b64', 'chunk000029.b64', 'chunk000104.b64', 'chunk000005.b64', 'chunk000143.b64', 'chunk000004.b64', 'chunk000073.b64', 'chunk000085.b64', 'chunk000062.b64', 'chunk000114.b64', 'chunk000036.b64', 'chunk000108.b64', 'chunk000013.b64', 'chunk000106.b64', 'chunk000135.b64', 'chunk000110.b64', 'chunk000032.b64', 'chunk000094.b64', 'chunk000065.b64', 'chunk000023.b64', 'chunk000126.b64', 'chunk000001.b64', 'chunk000116.b64', 'chunk000082.b64', 'chunk000068.b64', 'chunk000129.b64', 'chunk000031.b64', 'chunk000027.b64', 'chunk000026.b64', 'chunk000090.b64', 'chunk000050.b64', 'chunk000060.b64', 'chunk000099.b64', 'chunk000020.b64', 'chunk000007.b64', 'chunk000078.b64', 'chunk000028.b64', 'chunk000072.b64', 'chunk000019.b64', 'chunk000138.b64', 'chunk000134.b64', 'chunk000150.b64', 'chunk000055.b64', 'chunk000042.b64', 'chunk000117.b64', 'chunk000142.b64', 'chunk000009.b64', 'chunk000024.b64', 'chunk000064.b64', 'chunk000049.b64', 'chunk000140.b64', 'chunk000003.b64', 'chunk000067.b64', 'chunk000030.b64', 'chunk000006.b64', 'chunk000153.b64']
2025-05-16 06:54:09,093 - Raw content of chunk000000.b64: kbfqgbauaaeaacaarofxkwqaaaaaaaaaaaaaaaaaaahqaiaaon4xg5dfnvpws3tgn4xhi6duov4awaab
2025-05-16 06:54:09,094 - Processed Base32 data for chunk000000.b64: KBFQGBAUAAEAACAAROFXKWQAAAAAAAAAAAAAAAAAAAHQAIAAON4XG5DFNVPWS3TGN4XHI6DUOV4AWAAB
2025-05-16 06:54:09,094 - Decoded chunk from chunk000000.b64
2025-05-16 06:54:09,094 - Raw content of chunk000001.b64: aqaaaaaaaqaaaaaakvka2aahe4r52zyzflowoijd3vt52xlln4n5pgp6n3ap6ymaujanehlrz56442db
2025-05-16 06:54:09,094 - Processed Base32 data for chunk000001.b64: AQAAAAAAAQAAAAAAKVKA2AAHE4R52ZYZFLOWOIJD3VT52XLLN4N5PGP6N3AP6YMAUJANEHLRZ56442DB
2025-05-16 06:54:09,094 - Decoded chunk from chunk000001.b64
2025-05-16 06:54:09,094 - Raw content of chunk000002.b64: mbsutnujlalzq4u4iujrqnbzwjmfgjcbkk7pjqzcn3s4eto4g3m5vdmsfca3gtpkusn2e3xkwrfjwyx7
2025-05-16 06:54:09,094 - Processed Base32 data for chunk000002.b64: MBSUTNUJLALZQ4U4IUJRQNBZWJMFGJCBKK7PJQZCN3S4ETO4G3M5VDMSFCA3GTPKUSN2E3XKWRFJWYX7
2025-05-16 06:54:09,095 - Decoded chunk from chunk000002.b64
2025-05-16 06:54:09,095 - Raw content of chunk000003.b64: r5ewd76cxzts5vdqhclzpng46wlm45ju47qxxp45gor776plp6ptuzkv72w3fmn4mkkvpt5mlvmftwbi
2025-05-16 06:54:09,095 - Processed Base32 data for chunk000003.b64: R5EWD76CXZTS5VDQHCLZPNG46WLM45JU47QXXP45GOR776PLP6PTUZKV72W3FMN4MKKVPT5MLVMFTWBI
2025-05-16 06:54:09,095 - Decoded chunk from chunk000003.b64
2025-05-16 06:54:09,098 - Raw content of chunk000004.b64: v6wvvj2otu6hd4we4hpmd4fnj4h56ovqqypt2gp4mz355ct7flfwxfmfswf4xz2ptzmkxjg6me7cxdk2
2025-05-16 06:54:09,098 - Processed Base32 data for chunk000004.b64: V6WVVJ2OTU6HD4WE4HPMD4FNJ4H56OVQQYPT2GP4MZ355CT7FLFWXFMFSWF4XZ2PTZMKXJG6ME7CXDK2
2025-05-16 06:54:09,098 - Decoded chunk from chunk000004.b64
2025-05-16 06:54:09,098 - Raw content of chunk000005.b64: w7oww37wvvfy2vv5pwrwoulktvvw6676vlavpo6dq4u2wkbjsejfhfaqnp2z6f5mye37obv73s37yc6b
2025-05-16 06:54:09,098 - Processed Base32 data for chunk000005.b64: W7OWW37WVVFY2VV5PWRWOULKTVVW6676VLAVPO6DQ4U2WKBJSEJFHFAQNP2Z6F5MYE37OBV73S37YC6B
2025-05-16 06:54:09,098 - Decoded chunk from chunk000005.b64
2025-05-16 06:54:09,098 - Raw content of chunk000006.b64: w465yh366j4prxu54flu7zrtxzx3dxpnws55k7vd3xznoph57lf6d3q7e27wx4elhob577gndk7p32pb
2025-05-16 06:54:09,098 - Processed Base32 data for chunk000006.b64: W465YH366J4PRXU54FLU7ZRTXZX3DXPNWS55K7VD3XZNOPH57LF6D3Q7E27WX4ELHOB577GNDK7P32PB
2025-05-16 06:54:09,099 - Decoded chunk from chunk000006.b64
2025-05-16 06:54:09,099 - Raw content of chunk000007.b64: v57hvohxyanh46hp6d3jpbxthp3yblpbtw6ybvuardqx7xqzps3dobvtwlj6ynz23v3m327v3jo6wtgx
2025-05-16 06:54:09,099 - Processed Base32 data for chunk000007.b64: V57HVOHXYANH46HP6D3JPBXTHP3YBLPBTW6YBVUARDQX7XQZPS3DOBVTWLJ6YNZ23V3M327V3JO6WTGX
2025-05-16 06:54:09,099 - Decoded chunk from chunk000007.b64
2025-05-16 06:54:09,099 - Raw content of chunk000008.b64: apxanp74ypqjhdyg57aivh64dpxd6hd67rhhyup7a7pfnhisix437nvk266w5kow3ypfwbhmhw5d2txn
2025-05-16 06:54:09,099 - Processed Base32 data for chunk000008.b64: APXANP74YPQJHDYG57AIVH64DPXD6HD67RHHYUP7A7PFNHISIX437NVK266W5KOW3YPFWBHMHW5D2TXN
2025-05-16 06:54:09,099 - Decoded chunk from chunk000008.b64
2025-05-16 06:54:09,099 - Raw content of chunk000009.b64: zej4b57bp7ollsslsnwbbquztkryimrry44xl5o4ykbnefgwpt4m5yhdhvv3r67j6cnt227quod4gr73
2025-05-16 06:54:09,099 - Processed Base32 data for chunk000009.b64: ZEJ4B57BP7OLLSSLSNWBBQUZTKRYIMRRY44XL5O4YKBNEFGWPT4M5YHDHVV3R67J6CNT227QUOD4GR73
2025-05-16 06:54:09,099 - Decoded chunk from chunk000009.b64
2025-05-16 06:54:09,100 - Raw content of chunk000010.b64: whsyymbzi7mbzfnwgxopx5hqyno5bub4kpzyzq62w73x2opmlobt7ppjdpbnx62pd4psslcyzsr4licl
2025-05-16 06:54:09,100 - Processed Base32 data for chunk000010.b64: WHSYYMBZI7MBZFNWGXOPX5HQYNO5BUB4KPZYZQ62W73X2OPMLOBT7PPJDPBNX62PD4PSSLCYZSR4LICL
2025-05-16 06:54:09,100 - Decoded chunk from chunk000010.b64
2025-05-16 06:54:09,100 - Raw content of chunk000011.b64: zooso2u6rl4nu5dnqhyvilvot22zntzpf5xfywc3fuxvnlgfwwjg3ho7lavi27pvn47r77hmmcoggv4r
2025-05-16 06:54:09,102 - Processed Base32 data for chunk000011.b64: ZOOSO2U6RL4NU5DNQHYVILVOT22ZNTZPF5XFYWC3FUXVNLGFWWJG3HO7LAVI27PVN47R77HMMCOGGV4R
2025-05-16 06:54:09,102 - Decoded chunk from chunk000011.b64
2025-05-16 06:54:09,102 - Raw content of chunk000012.b64: 27hl4mxwewjxvmlofiyxpjo26pvnn6rctdz73xobe754hxmd4hxp5bh44i73j2gty752dqag556h54we
2025-05-16 06:54:09,102 - Processed Base32 data for chunk000012.b64: 27HL4MXWEWJXVMLOFIYXPJO26PVNN6RCTDZ73XOBE754HXMD4HXP5BH44I73J2GTY752DQAG556H54WE
2025-05-16 06:54:09,102 - Decoded chunk from chunk000012.b64
2025-05-16 06:54:09,102 - Raw content of chunk000013.b64: qsykht7xbf6whxrkw75f4uyj5nghlo6rxrsss25flx3zuftvrbk6s645j2rxlvis2zm27notnb475tow
2025-05-16 06:54:09,102 - Processed Base32 data for chunk000013.b64: QSYKHT7XBF6WHXRKW75F4UYJ5NGHLO6RXRSSS25FLX3ZUFTVRBK6S645J2RXLVIS2ZM27NOTNB475TOW
2025-05-16 06:54:09,102 - Decoded chunk from chunk000013.b64
2025-05-16 06:54:09,102 - Raw content of chunk000014.b64: x5junsgk2yhu7hrylxhpja4fnwx5xkcvlpliu55v3lxxvll2z77243wlw7vgue3eov7lczfnkn3odxcc
2025-05-16 06:54:09,103 - Processed Base32 data for chunk000014.b64: X5JUNSGK2YHU7HRYLXHPJA4FNWX5XKCVLPLIU55V3LXXVLL2Z77243WLW7VGUE3EOV7LCZFNKN3ODXCC
2025-05-16 06:54:09,103 - Decoded chunk from chunk000014.b64
2025-05-16 06:54:09,103 - Raw content of chunk000015.b64: jffpagkbbed6oenw2ggqa64y4pqdfeppbxxn6hz47tu6d3xdyfx34hd53prpz24xzkvuw24xfjrvet53
2025-05-16 06:54:09,103 - Processed Base32 data for chunk000015.b64: JFFPAGKBBED6OENW2GGQA64Y4PQDFEPPBXXN6HZ47TU6D3XDYFX34HD53PRPZ24XZKVUW24XFJRVET53
2025-05-16 06:54:09,106 - Decoded chunk from chunk000015.b64
2025-05-16 06:54:09,106 - Raw content of chunk000016.b64: gv3o7255lo635n6ndfmc3wggxu55n4hdz5agasjglzp7flrxnlpoxz5k3v5l3un36zvlxont5xi3dlyc
2025-05-16 06:54:09,106 - Processed Base32 data for chunk000016.b64: GV3O7255LO635N6NDFMC3WGGXU55N4HDZ5AGASJGLZP7FLRXNLPOXZ5K3V5L3UN36ZVLXONT5XI3DLYC
2025-05-16 06:54:09,106 - Decoded chunk from chunk000016.b64
2025-05-16 06:54:09,106 - Raw content of chunk000017.b64: yh7slmpqll5v6dq75q7736txynpt3al3h67dg6hylhvi3sk3b7p52h367jtgrkedpnxy5x752lcy3rl7
2025-05-16 06:54:09,106 - Processed Base32 data for chunk000017.b64: YH7SLMPQLL5V6DQ75Q7736TXYNPT3AL3H67DG6HYLHVI3SK3B7P52H367JTGRKEDPNXY5X752LCY3RL7
2025-05-16 06:54:09,106 - Decoded chunk from chunk000017.b64
2025-05-16 06:54:09,106 - Raw content of chunk000018.b64: ejqkhzdfkdyp54edamah74ur6f7lautl6dcx2y3noghc3mdnk6ezlu3q4oh34hd66cc7l5hrtob3opud
2025-05-16 06:54:09,106 - Processed Base32 data for chunk000018.b64: EJQKHZDFKDYP54EDAMAH74UR6F7LAUTL6DCX2Y3NOGHC3MDNK6EZLU3Q4OH34HD66CC7L5HRTOB3OPUD
2025-05-16 06:54:09,107 - Decoded chunk from chunk000018.b64
2025-05-16 06:54:09,107 - Raw content of chunk000019.b64: v5gftrln5g4omxvynh4ohw7rd4g37xqhoiwaqlkpb4pagpwtwyj6bjw4dp7snocx3gjdronxby7x3v5h
2025-05-16 06:54:09,107 - Processed Base32 data for chunk000019.b64: V5GFTRLN5G4OMXVYNH4OHW7RD4G37XQHOIWAQLKPB4PAGPWTWYJ6BJW4DP7SNOCX3GJDRONXBY7X3V5H
2025-05-16 06:54:09,107 - Decoded chunk from chunk000019.b64
2025-05-16 06:54:09,107 - Raw content of chunk000020.b64: teyzwsp723bz734z5d2qrpxsd3clc35n4h7g4xb7udfe55nkw7mwq6rf2as2r4ixxoadx7himazlqwex
2025-05-16 06:54:09,107 - Processed Base32 data for chunk000020.b64: TEYZWSP723BZ734Z5D2QRPXSD3CLC35N4H7G4XB7UDFE55NKW7MWQ6RF2AS2R4IXXOADX7HIMAZLQWEX
2025-05-16 06:54:09,107 - Decoded chunk from chunk000020.b64
2025-05-16 06:54:09,107 - Raw content of chunk000021.b64: 2yxly4xwylnmk5ny5wj73j37hymo47loaqeimo3667v27r7sylqyh7z2xt7tpudsblroqzywt7hnwxrz
2025-05-16 06:54:09,108 - Processed Base32 data for chunk000021.b64: 2YXLY4XWYLNMK5NY5WJ73J37HYMO47LOAQEIMO3667V27R7SYLQYH7Z2XT7TPUDSBLROQZYWT7HNWXRZ
2025-05-16 06:54:09,108 - Decoded chunk from chunk000021.b64
2025-05-16 06:54:09,108 - Raw content of chunk000022.b64: fwexafldxf33f4cozgs2w47p4tiz3tffclmnwnizf7eadvxqtmtrb47d2rbzrmwebtq6djilf5bqnhb3
2025-05-16 06:54:09,108 - Processed Base32 data for chunk000022.b64: FWEXAFLDXF33F4COZGS2W47P4TIZ3TFFCLMNWNIZF7EADVXQTMTRB47D2RBZRMWEBTQ6DJILF5BQNHB3
2025-05-16 06:54:09,108 - Decoded chunk from chunk000022.b64
2025-05-16 06:54:09,109 - Raw content of chunk000023.b64: 2oynjmvv6aniglcicvmtt56dtts4cz7y33r2oxz5dysvqh5eodi5foof6xidjqce63xcef4ebksvjfa4
2025-05-16 06:54:09,109 - Processed Base32 data for chunk000023.b64: 2OYNJMVV6ANIGLCICVMTT56DTTS4CZ7Y33R2OXZ5DYSVQH5EODI5FOOF6XIDJQCE63XCEF4EBKSVJFA4
2025-05-16 06:54:09,110 - Decoded chunk from chunk000023.b64
2025-05-16 06:54:09,110 - Raw content of chunk000024.b64: lkrk4lcrcm7avvuwmhs27p4fgrlxqzzacdeo5guudtahoejlrqtdopkn43tv3yvs7ennhg7t3ts647d5
2025-05-16 06:54:09,110 - Processed Base32 data for chunk000024.b64: LKRK4LCRCM7AVVUWMHS27P4FGRLXQZZACDEO5GUUDTAHOEJLRQTDOPKN43TV3YVS7ENNHG7T3TS647D5
2025-05-16 06:54:09,110 - Decoded chunk from chunk000024.b64
2025-05-16 06:54:09,110 - Raw content of chunk000025.b64: wmtaw3pa2wkrxvnom665v2hwo6ve225zx4c6du7llmf7k2qheku3kcij7pkrloesm4smcj5braihtvpl
2025-05-16 06:54:09,110 - Processed Base32 data for chunk000025.b64: WMTAW3PA2WKRXVNOM665V2HWO6VE225ZX4C6DU7LLMF7K2QHEKU3KCIJ7PKRLOESM4SMCJ5BRAIHTVPL
2025-05-16 06:54:09,110 - Decoded chunk from chunk000025.b64
2025-05-16 06:54:09,110 - Raw content of chunk000026.b64: 35uhpl4naciwbyykpkydw6h353yih66hf5vjpfni2isuvyo7kmezwmkvtw7xerjsfack46ht3sqxtbqq
2025-05-16 06:54:09,110 - Processed Base32 data for chunk000026.b64: 35UHPL4NACIWBYYKPKYDW6H353YIH66HF5VJPFNI2ISUVYO7KMEZWMKVTW7XERJSFACK46HT3SQXTBQQ
2025-05-16 06:54:09,110 - Decoded chunk from chunk000026.b64
2025-05-16 06:54:09,111 - Raw content of chunk000027.b64: xaivvwgfurgcd3dcwc73hmazkfjqu62tqkygwwty6m2zox4zv7lattyvw2ajlj43hnpl7xpon5mudbvv
2025-05-16 06:54:09,111 - Processed Base32 data for chunk000027.b64: XAIVVWGFURGCD3DCWC73HMAZKFJQU62TQKYGWWTY6M2ZOX4ZV7LATTYVW2AJLJ43HNPL7XPON5MUDBVV
2025-05-16 06:54:09,111 - Decoded chunk from chunk000027.b64
2025-05-16 06:54:09,111 - Raw content of chunk000028.b64: lznppor5kmlfqc25v4nmt2xfnfcx3bb3dyfp3o4kyf7hz67qy5i4ihh47yamuccizpqwv6aknnypwlny
2025-05-16 06:54:09,111 - Processed Base32 data for chunk000028.b64: LZNPPOR5KMLFQC25V4NMT2XFNFCX3BB3DYFP3O4KYF7HZ67QY5I4IHH47YAMUCCIZPQWV6AKNNYPWLNY
2025-05-16 06:54:09,111 - Decoded chunk from chunk000028.b64
2025-05-16 06:54:09,111 - Raw content of chunk000029.b64: gb6pituuzqhn7p3pifdbypeg4l2i6t4gb7xm4j5ruikppybomsg3y6f32duubwo75j35wto72zho75fa
2025-05-16 06:54:09,111 - Processed Base32 data for chunk000029.b64: GB6PITUUZQHN7P3PIFDBYPEG4L2I6T4GB7XM4J5RUIKPPYBOMSG3Y6F32DUUBWO75J35WTO72ZHO75FA
2025-05-16 06:54:09,114 - Decoded chunk from chunk000029.b64
2025-05-16 06:54:09,114 - Raw content of chunk000030.b64: 4lvpllcoxpm2rxicusd3oaljc2cj2huy3m3ni5jdvstx76ow44rbgk7ay3t63lopelztw6pc3swy5v45
2025-05-16 06:54:09,114 - Processed Base32 data for chunk000030.b64: 4LVPLLCOXPM2RXICUSD3OALJC2CJ2HUY3M3NI5JDVSTX76OW44RBGK7AY3T63LOPELZTW6PC3SWY5V45
2025-05-16 06:54:09,114 - Decoded chunk from chunk000030.b64
2025-05-16 06:54:09,114 - Raw content of chunk000031.b64: ppkqec4es3cfyp346c5yrz2xk76hf57nxnihr6p7auo4pyp3b6qlikqk4odt7pzx7tyhgi6267plddre
2025-05-16 06:54:09,114 - Processed Base32 data for chunk000031.b64: PPKQEC4ES3CFYP346C5YRZ2XK76HF57NXNIHR6P7AUO4PYP3B6QLIKQK4ODT7PZX7TYHGI6267PLDDRE
2025-05-16 06:54:09,118 - Decoded chunk from chunk000031.b64
2025-05-16 06:54:09,118 - Raw content of chunk000032.b64: rpfqda3x36arv5ho6aivj6dx676pvsjxptqodtod673qvf77zsunnea4ori5nyhrc6tpaseuge7aqne4
2025-05-16 06:54:09,118 - Processed Base32 data for chunk000032.b64: RPFQDA3X36ARV5HO6AIVJ6DX676PVSJXPTQODTOD673QVF77ZSUNNEA4ORI5NYHRC6TPASEUGE7AQNE4
2025-05-16 06:54:09,118 - Decoded chunk from chunk000032.b64
2025-05-16 06:54:09,118 - Raw content of chunk000033.b64: vpfrxju6jdutriz2cu6c62gxzrc4gxfcco2uvcj76nlm627xvlntwxwtl4aoiw2lvotfc7axrqiorgfy
2025-05-16 06:54:09,118 - Processed Base32 data for chunk000033.b64: VPFRXJU6JDUTRIZ2CU6C62GXZRC4GXFCCO2UVCJ76NLM627XVLNTWXWTL4AOIW2LVOTFC7AXRQIORGFY
2025-05-16 06:54:09,118 - Decoded chunk from chunk000033.b64
2025-05-16 06:54:09,118 - Raw content of chunk000034.b64: 367w24hhydx6t5q7tldc6clkny55z66we7b7fq6b4crw7by7ht3iwxm7wxsn3y5rauvokswqlb6ajzli
2025-05-16 06:54:09,119 - Processed Base32 data for chunk000034.b64: 367W24HHYDX6T5Q7TLDC6CLKNY55Z66WE7B7FQ6B4CRW7BY7HT3IWXM7WXSN3Y5RAUVOKSWQLB6AJZLI
2025-05-16 06:54:09,119 - Decoded chunk from chunk000034.b64
2025-05-16 06:54:09,119 - Raw content of chunk000035.b64: zkjlcbkqpj6pszfy7pidvp5qnkar4b7x332y2adk327yfgpm3upl55532ch34b25kyujtgel7hpjfqsc
2025-05-16 06:54:09,119 - Processed Base32 data for chunk000035.b64: ZKJLCBKQPJ6PSZFY7PIDVP5QNKAR4B7X332Y2ADK327YFGPM3UPL55532CH34B25KYUJTGEL7HPJFQSC
2025-05-16 06:54:09,119 - Decoded chunk from chunk000035.b64
2025-05-16 06:54:09,119 - Raw content of chunk000036.b64: 2ify2cz67xtm2qco72k4ch3xy6szkeat2q5ihx66teke65ctxtetojookkr6xvp2um6barxlqdpc7p4f
2025-05-16 06:54:09,119 - Processed Base32 data for chunk000036.b64: 2IFY2CZ67XTM2QCO72K4CH3XY6SZKEAT2Q5IHX66TEKE65CTXTETOJOOKKR6XVP2UM6BARXLQDPC7P4F
2025-05-16 06:54:09,119 - Decoded chunk from chunk000036.b64
2025-05-16 06:54:09,119 - Raw content of chunk000037.b64: wik7ymfswbe3ijjsu7sjzi7hszhm6qkl5m4p5qsybrh2kinskdulgb57pa7tjhzmgwmxxj4sg4s76dyf
2025-05-16 06:54:09,119 - Processed Base32 data for chunk000037.b64: WIK7YMFSWBE3IJJSU7SJZI7HSZHM6QKL5M4P5QSYBRH2KINSKDULGB57PA7TJHZMGWMXXJ4SG4S76DYF
2025-05-16 06:54:09,119 - Decoded chunk from chunk000037.b64
2025-05-16 06:54:09,120 - Raw content of chunk000038.b64: nz6ypilfz3dgllx6vyzppgmiar6dyescctothghcomjiwipg2fw4rmttuh2zlv5pvmsfkokv6b353f2m
2025-05-16 06:54:09,120 - Processed Base32 data for chunk000038.b64: NZ6YPILFZ3DGLLX6VYZPPGMIAR6DYESCCTOTHGHCOMJIWIPG2FW4RMTTUH2ZLV5PVMSFKOKV6B353F2M
2025-05-16 06:54:09,120 - Decoded chunk from chunk000038.b64
2025-05-16 06:54:09,120 - Raw content of chunk000039.b64: s346hao7su6hz4fscudkz2zcrm3ygf5lynj5pg3w4dqn4yhxz5an2xitp5xu7bsrezs4t7cnjisojwju
2025-05-16 06:54:09,120 - Processed Base32 data for chunk000039.b64: S346HAO7SU6HZ4FSCUDKZ2ZCRM3YGF5LYNJ5PG3W4DQN4YHXZ5AN2XITP5XU7BSREZS4T7CNJISOJWJU
2025-05-16 06:54:09,120 - Decoded chunk from chunk000039.b64
2025-05-16 06:54:09,120 - Raw content of chunk000040.b64: 3wtp2ht67rxdq3m2lbbzqhg43g27r4gd7pyd7jrxdx6pmcyiqj7jogwoudtclhnhhshds6dun7yow6zi
2025-05-16 06:54:09,120 - Processed Base32 data for chunk000040.b64: 3WTP2HT67RXDQ3M2LBBZQHG43G27R4GD7PYD7JRXDX6PMCYIQJ7JOGWOUDTCLHNHHSHDS6DUN7YOW6ZI
2025-05-16 06:54:09,120 - Decoded chunk from chunk000040.b64
2025-05-16 06:54:09,120 - Raw content of chunk000041.b64: jruzaih5euyntpcu6m6aadizp35jlgpr7fs45z5ghrezgeajvo4vrd4uf3h4tnwjfqavlfqxzjfssc5y
2025-05-16 06:54:09,120 - Processed Base32 data for chunk000041.b64: JRUZAIH5EUYNTPCU6M6AADIZP35JLGPR7FS45Z5GHREZGEAJVO4VRD4UF3H4TNWJFQAVLFQXZJFSSC5Y
2025-05-16 06:54:09,121 - Decoded chunk from chunk000041.b64
2025-05-16 06:54:09,122 - Raw content of chunk000042.b64: oam2ddqw6f5q63z7gfuqmwxxl4ozrdfxosy3yfbnebsi5ufz4cpwy6mofxgj3iltojus5q2orx77rzfg
2025-05-16 06:54:09,122 - Processed Base32 data for chunk000042.b64: OAM2DDQW6F5Q63Z7GFUQMWXXL4OZRDFXOSY3YFBNEBSI5UFZ4CPWY6MOFXGJ3ILTOJUS5Q2ORX77RZFG
2025-05-16 06:54:09,122 - Decoded chunk from chunk000042.b64
2025-05-16 06:54:09,122 - Raw content of chunk000043.b64: 7peji3m6muuvvutqh5yuudxcn2766yfkur4crp4nlkt5cgl4a2nptsoxmz6aefnktf7mlhgbo4irgb2m
2025-05-16 06:54:09,122 - Processed Base32 data for chunk000043.b64: 7PEJI3M6MUUVVUTQH5YUUDXCN2766YFKUR4CRP4NLKT5CGL4A2NPTSOXMZ6AEFNKTF7MLHGBO4IRGB2M
2025-05-16 06:54:09,126 - Decoded chunk from chunk000043.b64
2025-05-16 06:54:09,126 - Raw content of chunk000044.b64: tl75s7ldpjdvcivxa44n52brmuryhcbeuazqs75jxfcrf2apc5e4n2uj44ju6ut2r7xyvwpcjg6p66pg
2025-05-16 06:54:09,126 - Processed Base32 data for chunk000044.b64: TL75S7LDPJDVCIVXA44N52BRMURYHCBEUAZQS75JXFCRF2APC5E4N2UJ44JU6UT2R7XYVWPCJG6P66PG
2025-05-16 06:54:09,126 - Decoded chunk from chunk000044.b64
2025-05-16 06:54:09,126 - Raw content of chunk000045.b64: rdreofn4vmrnztmryj2slu7k7g4nw4zun76x6zg6pjlphvrprr42ptbrx3fz7sn47vm4vc3i3znihaj3
2025-05-16 06:54:09,126 - Processed Base32 data for chunk000045.b64: RDREOFN4VMRNZTMRYJ2SLU7K7G4NW4ZUN76X6ZG6PJLPHVRPRR42PTBRX3FZ7SN47VM4VC3I3ZNIHAJ3
2025-05-16 06:54:09,127 - Decoded chunk from chunk000045.b64
2025-05-16 06:54:09,127 - Raw content of chunk000046.b64: ks7zbzu5hnlhrimk5ouqmkztcsiqxt5lwy7hy767x4tzzvey4xa3nvxbj4pa575wn6gxvg4a2ky474h5
2025-05-16 06:54:09,127 - Processed Base32 data for chunk000046.b64: KS7ZBZU5HNLHRIMK5OUQMKZTCSIQXT5LWY7HY767X4TZZVEY4XA3NVXBJ4PA575WN6GXVG4A2KY474H5
2025-05-16 06:54:09,127 - Decoded chunk from chunk000046.b64
2025-05-16 06:54:09,127 - Raw content of chunk000047.b64: qpaz7xsm75i2bcwym663yzgag6aah6eyaie74qfve3rtormxze4nv6lsmvrxtnn4pj3fijjqtubcmbe7
2025-05-16 06:54:09,127 - Processed Base32 data for chunk000047.b64: QPAZ7XSM75I2BCWYM663YZGAG6AAH6EYAIE74QFVE3RTORMXZE4NV6LSMVRXTNN4PJ3FIJJQTUBCMBE7
2025-05-16 06:54:09,127 - Decoded chunk from chunk000047.b64
2025-05-16 06:54:09,127 - Raw content of chunk000048.b64: ahgbcxffqlgufgkiifzatgybjfvjkcsgr4iuyesbuyd2gzq7gicy2qkbjctenu44wi2pdo2krhuuty7j
2025-05-16 06:54:09,127 - Processed Base32 data for chunk000048.b64: AHGBCXFFQLGUFGKIIFZATGYBJFVJKCSGR4IUYESBUYD2GZQ7GICY2QKBJCTENU44WI2PDO2KRHUUTY7J
2025-05-16 06:54:09,128 - Decoded chunk from chunk000048.b64
2025-05-16 06:54:09,128 - Raw content of chunk000049.b64: xicdaoj5dcjvsydkniykm5e2zqgjqmzvdbtu5bwmdq7dkghfmphbi27qya552kobiqdbff4sqqngbdrz
2025-05-16 06:54:09,128 - Processed Base32 data for chunk000049.b64: XICDAOJ5DCJVSYDKNIYKM5E2ZQGJQMZVDBTU5BWMDQ7DKGHFMPHBI27QYA552KOBIQDBFF4SQQNGBDRZ
2025-05-16 06:54:09,128 - Decoded chunk from chunk000049.b64
2025-05-16 06:54:09,128 - Raw content of chunk000050.b64: u7ascjysguh3kvnyok43fmlqdlqm4ljpaw3vcpjgwfytij2cuncmbjisov4et2ndbcieji24m5zmtjlg
2025-05-16 06:54:09,128 - Processed Base32 data for chunk000050.b64: U7ASCJYSGUH3KVNYOK43FMLQDLQM4LJPAW3VCPJGWFYTIJ2CUNCMBJISOV4ET2NDBCIEJI24M5ZMTJLG
2025-05-16 06:54:09,128 - Decoded chunk from chunk000050.b64
2025-05-16 06:54:09,128 - Raw content of chunk000051.b64: 4ezc4syo4ba7hzweyctegu2u2jqjsewae42degxi2n5f4mvgm5aqxklam2tz567uxe6jwu4rvvhk5ncm
2025-05-16 06:54:09,129 - Processed Base32 data for chunk000051.b64: 4EZC4SYO4BA7HZWEYCTEGU2U2JQJSEWAE42DEGXI2N5F4MVGM5AQXKLAM2TZ567UXE6JWU4RVVHK5NCM
2025-05-16 06:54:09,129 - Decoded chunk from chunk000051.b64
2025-05-16 06:54:09,130 - Raw content of chunk000052.b64: rjg4ylrw4xjartjrlwns4sioewfib4rjdwgqxtvsyaohbxiirskzimqnwsjdchjmtzp2wlc7x22fbxqi
2025-05-16 06:54:09,130 - Processed Base32 data for chunk000052.b64: RJG4YLRW4XJARTJRLWNS4SIOEWFIB4RJDWGQXTVSYAOHBXIIRSKZIMQNWSJDCHJMTZP2WLC7X22FBXQI
2025-05-16 06:54:09,130 - Decoded chunk from chunk000052.b64
2025-05-16 06:54:09,130 - Raw content of chunk000053.b64: n4bv5mwrealekurtqydevab6srtdgcvkcgm3mc3i4jmndvfrui44pcvgr4i43cpcy5yxrkpgfqgd4atm
2025-05-16 06:54:09,134 - Processed Base32 data for chunk000053.b64: N4BV5MWREALEKURTQYDEVAB6SRTDGCVKCGM3MC3I4JMNDVFRUI44PCVGR4I43CPCY5YXRKPGFQGD4ATM
2025-05-16 06:54:09,134 - Decoded chunk from chunk000053.b64
2025-05-16 06:54:09,134 - Raw content of chunk000054.b64: amajkw6sfthuwfjhteiqjubcppr745ecqxdbxykn3bns5guquhgtgswbjxoreyyazpoaq3vk5ctikcrz
2025-05-16 06:54:09,134 - Processed Base32 data for chunk000054.b64: AMAJKW6SFTHUWFJHTEIQJUBCPPR745ECQXDBXYKN3BNS5GUQUHGTGSWBJXOREYYAZPOAQ3VK5CTIKCRZ
2025-05-16 06:54:09,134 - Decoded chunk from chunk000054.b64
2025-05-16 06:54:09,134 - Raw content of chunk000055.b64: uwbacupa7bakaohcou5lsckfepnfiskcvmgzdrdvm7kye4ccgqhnddjql5xfjeazngjuut6qizt6mvb2
2025-05-16 06:54:09,135 - Processed Base32 data for chunk000055.b64: UWBACUPA7BAKAOHCOU5LSCKFEPNFISKCVMGZDRDVM7KYE4CCGQHNDDJQL5XFJEAZNGJUUT6QIZT6MVB2
2025-05-16 06:54:09,135 - Decoded chunk from chunk000055.b64
2025-05-16 06:54:09,135 - Raw content of chunk000056.b64: egnateqm7istaybnm3sviour6xdliidhi3jssou5dxgy33ens4qgtajzsuui76pjotlcwxi6u6gyflib
2025-05-16 06:54:09,135 - Processed Base32 data for chunk000056.b64: EGNATEQM7ISTAYBNM3SVIOUR6XDLIIDHI3JSSOU5DXGY33ENS4QGTAJZSUUI76PJOTLCWXI6U6GYFLIB
2025-05-16 06:54:09,135 - Decoded chunk from chunk000056.b64
2025-05-16 06:54:09,135 - Raw content of chunk000057.b64: tspfkc5ohozbakavjpoibzliee3ym2av2wkfjguias2idxmbqvcofxbiv7cbtnnsxfkcijcayik6rjfj
2025-05-16 06:54:09,135 - Processed Base32 data for chunk000057.b64: TSPFKC5OHOZBAKAVJPOIBZLIEE3YM2AV2WKFJGUIAS2IDXMBQVCOFXBIV7CBTNNSXFKCIJCAYIK6RJFJ
2025-05-16 06:54:09,135 - Decoded chunk from chunk000057.b64
2025-05-16 06:54:09,135 - Raw content of chunk000058.b64: qdiem6jgs7ibrkymgdqyvi4uadluze7prt2r6e3aokwmzjl6cvcofilv7szcdf3gqesvvfvdkwnjhi3k
2025-05-16 06:54:09,136 - Processed Base32 data for chunk000058.b64: QDIEM6JGS7IBRKYMGDQYVI4UADLUZE7PRT2R6E3AOKWMZJL6CVCOFILV7SZCDF3GQESVVFVDKWNJHI3K
2025-05-16 06:54:09,136 - Decoded chunk from chunk000058.b64
2025-05-16 06:54:09,136 - Raw content of chunk000059.b64: ok3p5zyibrbd6uktqjiulngoirz2mrgtf3fqji6hi4ncifthlljkry6iosyy3ioffzf6ddcitzykr2or
2025-05-16 06:54:09,136 - Processed Base32 data for chunk000059.b64: OK3P5ZYIBRBD6UKTQJIULNGOIRZ2MRGTF3FQJI6HI4NCIFTHLLJKRY6IOSYY3IOFFZF6DDCITZYKR2OR
2025-05-16 06:54:09,136 - Decoded chunk from chunk000059.b64
2025-05-16 06:54:09,136 - Raw content of chunk000060.b64: gtj4pcogzgy2ezm25zggr3cy2h4ay2cc5iiuxweoj4ejt3xslqzdkitc7tzkrzm5rap5aqdgqkexjmcm
2025-05-16 06:54:09,136 - Processed Base32 data for chunk000060.b64: GTJ4PCOGZGY2EZM25ZGGR3CY2H4AY2CC5IIUXWEOJ4EJT3XSLQZDKITC7TZKRZM5RAP5AQDGQKEXJMCM
2025-05-16 06:54:09,136 - Decoded chunk from chunk000060.b64
2025-05-16 06:54:09,136 - Raw content of chunk000061.b64: i3z4a5b2mu5jgmur5flpcviz34yqkwgmpuznixeyldjn3zzy2chnzz2y2duldivrmncuxm4pdhirzyvg
2025-05-16 06:54:09,136 - Processed Base32 data for chunk000061.b64: I3Z4A5B2MU5JGMUR5FLPCVIZ34YQKWGMPUZNIXEYLDJN3ZZY2CHNZZ2Y2DULDIVRMNCUXM4PDHIRZYVG
2025-05-16 06:54:09,137 - Decoded chunk from chunk000061.b64
2025-05-16 06:54:09,137 - Raw content of chunk000062.b64: 7eufztuonxe3ml35lhdjoteh42tkcumsduuxhudczmzl4zb2wq2axaol3gitefznzvboexzscxnncsdx
2025-05-16 06:54:09,137 - Processed Base32 data for chunk000062.b64: 7EUFZTUONXE3ML35LHDJOTEH42TKCUMSDUUXHUDCZMZL4ZB2WQ2AXAOL3GITEFZNZVBOEXZSCXNNCSDX
2025-05-16 06:54:09,138 - Decoded chunk from chunk000062.b64
2025-05-16 06:54:09,138 - Raw content of chunk000063.b64: 7rzgn5sljqttgvtfpqdr4dck6aklbmp2fo3zqtfpzuzjb4ascoxeguxm2zom5nany3opirbvwyvogo4k
2025-05-16 06:54:09,138 - Processed Base32 data for chunk000063.b64: 7RZGN5SLJQTTGVTFPQDR4DCK6AKLBMP2FO3ZQTFPZUZJB4ASCOXEGUXM2ZOM5NANY3OPIRBVWYVOGO4K
2025-05-16 06:54:09,138 - Decoded chunk from chunk000063.b64
2025-05-16 06:54:09,138 - Raw content of chunk000064.b64: ydrfwvshepafsbua6g652z2c7l7pz7a3zg6yf2dsaitakknrlxqk6sxmcxqmcexfoiedmi3fcm6cnrw6
2025-05-16 06:54:09,142 - Processed Base32 data for chunk000064.b64: YDRFWVSHEPAFSBUA6G652Z2C7L7PZ7A3ZG6YF2DSAITAKKNRLXQK6SXMCXQMCEXFOIEDMI3FCM6CNRW6
2025-05-16 06:54:09,142 - Decoded chunk from chunk000064.b64
2025-05-16 06:54:09,142 - Raw content of chunk000065.b64: kpymqu6idipxwtybgy7pshubvgyvksfqytshwbhgrswufarfe3prdgbtvzgljtesoza56gdpugtabg5u
2025-05-16 06:54:09,142 - Processed Base32 data for chunk000065.b64: KPYMQU6IDIPXWTYBGY7PSHUBVGYVKSFQYTSHWBHGRSWUFARFE3PRDGBTVZGLJTESOZA56GDPUGTABG5U
2025-05-16 06:54:09,142 - Decoded chunk from chunk000065.b64
2025-05-16 06:54:09,142 - Raw content of chunk000066.b64: rmgdbodmili5r5lexm7b3ga235qcv2awynkrbxsfbimfzftzmdetrfvrftruxedijhywj4d7u26ovs7m
2025-05-16 06:54:09,142 - Processed Base32 data for chunk000066.b64: RMGDBODMILI5R5LEXM7B3GA235QCV2AWYNKRBXSFBIMFZFTZMDETRFVRFTRUXEDIJHYWJ4D7U26OVS7M
2025-05-16 06:54:09,142 - Decoded chunk from chunk000066.b64
2025-05-16 06:54:09,143 - Raw content of chunk000067.b64: glfzdwuepazmbmveozyws7gdskgztwxx427woij6r2jgsyeq77r2iiobstrt45zqjfsnzzermcrz3qje
2025-05-16 06:54:09,143 - Processed Base32 data for chunk000067.b64: GLFZDWUEPAZMBMVEOZYWS7GDSKGZTWXX427WOIJ6R2JGSYEQ77R2IIOBSTRT45ZQJFSNZZERMCRZ3QJE
2025-05-16 06:54:09,143 - Decoded chunk from chunk000067.b64
2025-05-16 06:54:09,143 - Raw content of chunk000068.b64: dklxdkjb2gmfatf4vbuffkqxs3j6hjpnivddwxvz2gqcx7whm72o6zlo6gkpbdckecrz2kpthgvgztip
2025-05-16 06:54:09,143 - Processed Base32 data for chunk000068.b64: DKLXDKJB2GMFATF4VBUFFKQXS3J6HJPNIVDDWXVZ2GQCX7WHM72O6ZLO6GKPBDCKECRZ2KPTHGVGZTIP
2025-05-16 06:54:09,143 - Decoded chunk from chunk000068.b64
2025-05-16 06:54:09,143 - Raw content of chunk000069.b64: trgla2aesncihdruwzulmubzxzit5asdqkeuzjartphyvzeoljhgz6gw3jsrs2ba4weelnbglwjelg3q
2025-05-16 06:54:09,143 - Processed Base32 data for chunk000069.b64: TRGLA2AESNCIHDRUWZULMUBZXZIT5ASDQKEUZJARTPHYVZEOLJHGZ6GW3JSRS2BA4WEELNBGLWJELG3Q
2025-05-16 06:54:09,143 - Decoded chunk from chunk000069.b64
2025-05-16 06:54:09,143 - Raw content of chunk000070.b64: 3wuldg4vw2rvtma3hn27ftdiq2zjjiov3ds6ir3si5syetllddm2jdmz7l4glhmfs32iazdt45gelg6i
2025-05-16 06:54:09,144 - Processed Base32 data for chunk000070.b64: 3WULDG4VW2RVTMA3HN27FTDIQ2ZJJIOV3DS6IR3SI5SYETLLDDM2JDMZ7L4GLHMFS32IAZDT45GELG6I
2025-05-16 06:54:09,144 - Decoded chunk from chunk000070.b64
2025-05-16 06:54:09,144 - Raw content of chunk000071.b64: ihjmpbiuvfzvm6mnugg4y5swumougm72stduaw6uca73x5bdurtzo7uiorgned6qrzf7uam2se7h6bw2
2025-05-16 06:54:09,144 - Processed Base32 data for chunk000071.b64: IHJMPBIUVFZVM6MNUGG4Y5SWUMOUGM72STDUAW6UCA73X5BDURTZO7UIORGNED6QRZF7UAM2SE7H6BW2
2025-05-16 06:54:09,144 - Decoded chunk from chunk000071.b64
2025-05-16 06:54:09,144 - Raw content of chunk000072.b64: qiqqes7w7wzzl4b6lcrojrudevjmt4mdevjdshrmthgz6ejnkfu3yudi4ok4mp5q3azgqs6mvspek3cq
2025-05-16 06:54:09,144 - Processed Base32 data for chunk000072.b64: QIQQES7W7WZZL4B6LCROJRUDEVJMT4MDEVJDSHRMTHGZ6EJNKFU3YUDI4OK4MP5Q3AZGQS6MVSPEK3CQ
2025-05-16 06:54:09,144 - Decoded chunk from chunk000072.b64
2025-05-16 06:54:09,144 - Raw content of chunk000073.b64: j6g2piezjulvv45rqq7akwekx7jtp7fightfpm5c4u6buegr7rokbazahjrqjtmhg2zhszvskops2pa6
2025-05-16 06:54:09,144 - Processed Base32 data for chunk000073.b64: J6G2PIEZJULVV45RQQ7AKWEKX7JTP7FIGHTFPM5C4U6BUEGR7ROKBAZAHJRQJTMHG2ZHSZVSKOPS2PA6
2025-05-16 06:54:09,144 - Decoded chunk from chunk000073.b64
2025-05-16 06:54:09,145 - Raw content of chunk000074.b64: rfseah4hiqzkbdke5czzfhp2otkpcsbeap5dqjesaegreypowrsj6otflw4lr2spi7ls7lbnfzlsvs4v
2025-05-16 06:54:09,145 - Processed Base32 data for chunk000074.b64: RFSEAH4HIQZKBDKE5CZZFHP2OTKPCSBEAP5DQJESAEGREYPOWRSJ6OTFLW4LR2SPI7LS7LBNFZLSVS4V
2025-05-16 06:54:09,145 - Decoded chunk from chunk000074.b64
2025-05-16 06:54:09,145 - Raw content of chunk000075.b64: 6byx3444y7xq77bh7wb4p4sth3v6kjolxrloxts65jg4dd56mmo33uti6qomtknmr427ch3jc7dh46hs
2025-05-16 06:54:09,145 - Processed Base32 data for chunk000075.b64: 6BYX3444Y7XQ77BH7WB4P4STH3V6KJOLXRLOXTS65JG4DD56MMO33UTI6QOMTKNMR427CH3JC7DH46HS
2025-05-16 06:54:09,145 - Decoded chunk from chunk000075.b64
2025-05-16 06:54:09,146 - Raw content of chunk000076.b64: itcx6xmvkwxdopllhv4fpwzyexcku6c56o6epyt27db5cr23v6gnbmr7akcunbjqnal3zk4nl27xwkyd
2025-05-16 06:54:09,146 - Processed Base32 data for chunk000076.b64: ITCX6XMVKWXDOPLLHV4FPWZYEXCKU6C56O6EPYT27DB5CR23V6GNBMR7AKCUNBJQNAL3ZK4NL27XWKYD
2025-05-16 06:54:09,146 - Decoded chunk from chunk000076.b64
2025-05-16 06:54:09,150 - Raw content of chunk000077.b64: ro42ugcnfjnuahygnc662xvp4to7imwqwtdhckvvz5u23v6nqgrviitiwomk2a62ny2fv4fht6awp5rk
2025-05-16 06:54:09,150 - Processed Base32 data for chunk000077.b64: RO42UGCNFJNUAHYGNC662XVP4TO7IMWQWTDHCKVVZ5U23V6NQGRVIITIWOMK2A62NY2FV4FHT6AWP5RK
2025-05-16 06:54:09,150 - Decoded chunk from chunk000077.b64
2025-05-16 06:54:09,150 - Raw content of chunk000078.b64: kc2csn7ags6dkhoonqesbufunxha6ac2wnl43y4uomcg3vfrxhznc6wxnnn62xrgu4bkgbkonqjfrsdg
2025-05-16 06:54:09,150 - Processed Base32 data for chunk000078.b64: KC2CSN7AGS6DKHOONQESBUFUNXHA6AC2WNL43Y4UOMCG3VFRXHZNC6WXNNN62XRGU4BKGBKONQJFRSDG
2025-05-16 06:54:09,150 - Decoded chunk from chunk000078.b64
2025-05-16 06:54:09,151 - Raw content of chunk000079.b64: xpk2655pm4qfesizjjxduqf3ory6ttfzjtrkqrczbc3r3fzbhbkrqlkqnefyrkaigqkg3qtwao2aetun
2025-05-16 06:54:09,151 - Processed Base32 data for chunk000079.b64: XPK2655PM4QFESIZJJXDUQF3ORY6TTFZJTRKQRCZBC3R3FZBHBKRQLKQNEFYRKAIGQKG3QTWAO2AETUN
2025-05-16 06:54:09,151 - Decoded chunk from chunk000079.b64
2025-05-16 06:54:09,151 - Raw content of chunk000080.b64: hqynn22iqwqm25jq22vwzrqqc3baqsvhyitbziifiyynmcz2eukmckjdfc4tsnrbbbhc3dprpjfg32ta
2025-05-16 06:54:09,151 - Processed Base32 data for chunk000080.b64: HQYNN22IQWQM25JQ22VWZRQQC3BAQSVHYITBZIIFIYYNMCZ2EUKMCKJDFC4TSNRBBBHC3DPRPJFG32TA
2025-05-16 06:54:09,151 - Decoded chunk from chunk000080.b64
2025-05-16 06:54:09,151 - Raw content of chunk000081.b64: naz5wvayjym4mt2nqwgnfkksbdvwkdffknxcwffhrrqxyqo2btr7kdevmuqfvbrzvoadndxsavtcxdgx
2025-05-16 06:54:09,151 - Processed Base32 data for chunk000081.b64: NAZ5WVAYJYM4MT2NQWGNFKKSBDVWKDFFKNXCWFFHRRQXYQO2BTR7KDEVMUQFVBRZVOADNDXSAVTCXDGX
2025-05-16 06:54:09,151 - Decoded chunk from chunk000081.b64
2025-05-16 06:54:09,151 - Raw content of chunk000082.b64: goa6ffebm743jllnny3nxvl2dfjhjobkbzwhukaedjc6uvfc4qtgzbxsknctbuiseijelikrutlwgirz
2025-05-16 06:54:09,151 - Processed Base32 data for chunk000082.b64: GOA6FFEBM743JLLNNY3NXVL2DFJHJOBKBZWHUKAEDJC6UVFC4QTGZBXSKNCTBUISEIJELIKRUTLWGIRZ
2025-05-16 06:54:09,151 - Decoded chunk from chunk000082.b64
2025-05-16 06:54:09,152 - Raw content of chunk000083.b64: ypcv5v6wfafxcjgoc64mfifzblr7lqswtcemixahionwhg2mrgejmgqtioqenqxyqi4tlaoku4kbhx5y
2025-05-16 06:54:09,152 - Processed Base32 data for chunk000083.b64: YPCV5V6WFAFXCJGOC64MFIFZBLR7LQSWTCEMIXAHIONWHG2MRGEJMGQTIOQENQXYQI4TLAOKU4KBHX5Y
2025-05-16 06:54:09,152 - Decoded chunk from chunk000083.b64
2025-05-16 06:54:09,152 - Raw content of chunk000084.b64: ide43amiqsybalsqokr3m4ar6ggqxfdhjgnwqdfhbls7lsrgbrqw6xdb4rdkcjqpfkdrk353bx272yt3
2025-05-16 06:54:09,152 - Processed Base32 data for chunk000084.b64: IDE43AMIQSYBALSQOKR3M4AR6GGQXFDHJGNWQDFHBLS7LSRGBRQW6XDB4RDKCJQPFKDRK353BX272YT3
2025-05-16 06:54:09,152 - Decoded chunk from chunk000084.b64
2025-05-16 06:54:09,152 - Raw content of chunk000085.b64: xpjyltvd2fxi3ijzba2ok4u3mivapdvlnkso2yvkdlxcfyy3yxufiecmpqb5ukcgbmbfoi2betlyq2sq
2025-05-16 06:54:09,152 - Processed Base32 data for chunk000085.b64: XPJYLTVD2FXI3IJZBA2OK4U3MIVAPDVLNKSO2YVKDLXCFYY3YXUFIECMPQB5UKCGBMBFOI2BETLYQ2SQ
2025-05-16 06:54:09,152 - Decoded chunk from chunk000085.b64
2025-05-16 06:54:09,152 - Raw content of chunk000086.b64: 4d6fjylcbb3vd7ickt4brlyxktqdfibcdc46ckqhnyfy2qpdvcoek3ojgbnoakg2ctcdoddnalmqgsuu
2025-05-16 06:54:09,152 - Processed Base32 data for chunk000086.b64: 4D6FJYLCBB3VD7ICKT4BRLYXKTQDFIBCDC46CKQHNYFY2QPDVCOEK3OJGBNOAKG2CTCDODDNALMQGSUU
2025-05-16 06:54:09,153 - Decoded chunk from chunk000086.b64
2025-05-16 06:54:09,153 - Raw content of chunk000087.b64: xwm5c2bbdkjtnr2ejpqrabfhstrsub7bmb5rstfoa7c6g7ebavnlrunmw26jxglifzfaxufvavzcx45t
2025-05-16 06:54:09,153 - Processed Base32 data for chunk000087.b64: XWM5C2BBDKJTNR2EJPQRABFHSTRSUB7BMB5RSTFOA7C6G7EBAVNLRUNMW26JXGLIFZFAXUFVAVZCX45T
2025-05-16 06:54:09,153 - Decoded chunk from chunk000087.b64
2025-05-16 06:54:09,153 - Raw content of chunk000088.b64: fpkunk3sxwlamkc4sspyfpifgmd76vlqs7l4xs4xkofecs7a6ibi22xswuvyxxlwv637ywq2tacsndu3
2025-05-16 06:54:09,153 - Processed Base32 data for chunk000088.b64: FPKUNK3SXWLAMKC4SSPYFPIFGMD76VLQS7L4XS4XKOFECS7A6IBI22XSWUVYXXLWV637YWQ2TACSNDU3
2025-05-16 06:54:09,153 - Decoded chunk from chunk000088.b64
2025-05-16 06:54:09,153 - Raw content of chunk000089.b64: 7tuebj3h3pwxvy7guw2y24gn4xqfraziqvucrlzx5henoqvdwpmuxf2zqcdouzoaiiypsvbsjscq7fjk
2025-05-16 06:54:09,153 - Processed Base32 data for chunk000089.b64: 7TUEBJ3H3PWXVY7GUW2Y24GN4XQFRAZIQVUCRLZX5HENOQVDWPMUXF2ZQCDOUZOAIIYPSVBSJSCQ7FJK
2025-05-16 06:54:09,153 - Decoded chunk from chunk000089.b64
2025-05-16 06:54:09,158 - Raw content of chunk000090.b64: bgzmywwllpuhisxfwofyxjkludnzd5ccgsg2wqy44hjxnlsvxpmksv73l2dbmxc454wiecw7w6iikvvv
2025-05-16 06:54:09,158 - Processed Base32 data for chunk000090.b64: BGZMYWWLLPUHISXFWOFYXJKLUDNZD5CCGSG2WQY44HJXNLSVXPMKSV73L2DBMXC454WIECW7W6IIKVVV
2025-05-16 06:54:09,158 - Decoded chunk from chunk000090.b64
2025-05-16 06:54:09,158 - Raw content of chunk000091.b64: pgv57khvskijfi3ubjpb7rg6uwc5p6gcpi4uw3q43hluxz6ipilxn2unoynkweqxfxgxirmhczzhszzt
2025-05-16 06:54:09,158 - Processed Base32 data for chunk000091.b64: PGV57KHVSKIJFI3UBJPB7RG6UWC5P6GCPI4UW3Q43HLUXZ6IPILXN2UNOYNKWEQXFXGXIRMHCZZHSZZT
2025-05-16 06:54:09,158 - Decoded chunk from chunk000091.b64
2025-05-16 06:54:09,158 - Raw content of chunk000092.b64: 2nbfamzowaibc4f2kk65tcb2vtfjnv3mfiiyhfq4cwi4af4cxriltgfkzqizvqtqjjwrvzh2bp6wwifv
2025-05-16 06:54:09,158 - Processed Base32 data for chunk000092.b64: 2NBFAMZOWAIBC4F2KK65TCB2VTFJNV3MFIIYHFQ4CWI4AF4CXRILTGFKZQIZVQTQJJWRVZH2BP6WWIFV
2025-05-16 06:54:09,158 - Decoded chunk from chunk000092.b64
2025-05-16 06:54:09,158 - Raw content of chunk000093.b64: bbzizmaabvlyomgmhrcofos5qhf7levdpqa6ifsyn6s3vxo3nfo33vby2o4hz4o4ngehf7l6un27k4rf
2025-05-16 06:54:09,159 - Processed Base32 data for chunk000093.b64: BBZIZMAABVLYOMGMHRCOFOS5QHF7LEVDPQA6IFSYN6S3VXO3NFO33VBY2O4HZ4O4NGEHF7L6UN27K4RF
2025-05-16 06:54:09,159 - Decoded chunk from chunk000093.b64
2025-05-16 06:54:09,159 - Raw content of chunk000094.b64: irb7sawu4qrdnwk6n5lpxg7n533hf23kumkvhcautcoakpnayrkigutaprayypbl4q2cbmns2pu3jo35
2025-05-16 06:54:09,159 - Processed Base32 data for chunk000094.b64: IRB7SAWU4QRDNWK6N5LPXG7N533HF23KUMKVHCAUTCOAKPNAYRKIGUTAPRAYYPBL4Q2CBMNS2PU3JO35
2025-05-16 06:54:09,159 - Decoded chunk from chunk000094.b64
2025-05-16 06:54:09,159 - Raw content of chunk000095.b64: p54yrbxsqwirnltpw66h47nl2ze3onziirypmftuxmvz2jlp2nv5lppomk5twemwutaei4rkelvv3w64
2025-05-16 06:54:09,159 - Processed Base32 data for chunk000095.b64: P54YRBXSQWIRNLTPW66H47NL2ZE3ONZIIRYPMFTUXMVZ2JLP2NV5LPPOMK5TWEMWUTAEI4RKELVV3W64
2025-05-16 06:54:09,159 - Decoded chunk from chunk000095.b64
2025-05-16 06:54:09,159 - Raw content of chunk000096.b64: qq5rpg4n3k2y35uftvlme6qfnjramvlukc7532dm47sqkxgxa24r4m4vskumsnufjapoj6uv3zfaplbm
2025-05-16 06:54:09,159 - Processed Base32 data for chunk000096.b64: QQ5RPG4N3K2Y35UFTVLME6QFNJRAMVLUKC7532DM47SQKXGXA24R4M4VSKUMSNUFJAPOJ6UV3ZFAPLBM
2025-05-16 06:54:09,159 - Decoded chunk from chunk000096.b64
2025-05-16 06:54:09,160 - Raw content of chunk000097.b64: cmg5c7jqq7neyivkdiutdem4nhuiyudiddvylowxcfa53o2sby3xv7c736jmzaascv573uavljxtk45c
2025-05-16 06:54:09,160 - Processed Base32 data for chunk000097.b64: CMG5C7JQQ7NEYIVKDIUTDEM4NHUIYUDIDDVYLOWXCFA53O2SBY3XV7C736JMZAASCV573UAVLJXTK45C
2025-05-16 06:54:09,160 - Decoded chunk from chunk000097.b64
2025-05-16 06:54:09,160 - Raw content of chunk000098.b64: bjukr2ikwns6ic7grwahhvm57zlh2ewuhsdyl4qfcl4gtcfw2o5vf3k6nemh5w25h4bio2fi7adf4h6l
2025-05-16 06:54:09,160 - Processed Base32 data for chunk000098.b64: BJUKR2IKWNS6IC7GRWAHHVM57ZLH2EWUHSDYL4QFCL4GTCFW2O5VF3K6NEMH5W25H4BIO2FI7ADF4H6L
2025-05-16 06:54:09,160 - Decoded chunk from chunk000098.b64
2025-05-16 06:54:09,160 - Raw content of chunk000099.b64: z2f62vwlvp2rxvy37vn6cc6yql4kmud3izonucstiuvy54qfqhvu6hk4hyk3nq7cliyiqkk2gbhtdydc
2025-05-16 06:54:09,160 - Processed Base32 data for chunk000099.b64: Z2F62VWLVP2RXVY37VN6CC6YQL4KMUD3IZONUCSTIUVY54QFQHVU6HK4HYK3NQ7CLIYIQKK2GBHTDYDC
2025-05-16 06:54:09,160 - Decoded chunk from chunk000099.b64
2025-05-16 06:54:09,160 - Raw content of chunk000100.b64: jaybxlcxppmw3ft7lqb5ka3kjqdbjoa2nfkfxfuxjzpvvskm64fgoikqsmdz4vllw5zhwgleazkecz7e
2025-05-16 06:54:09,160 - Processed Base32 data for chunk000100.b64: JAYBXLCXPPMW3FT7LQB5KA3KJQDBJOA2NFKFXFUXJZPVVSKM64FGOIKQSMDZ4VLLW5ZHWGLEAZKECZ7E
2025-05-16 06:54:09,160 - Decoded chunk from chunk000100.b64
2025-05-16 06:54:09,160 - Raw content of chunk000101.b64: 2oloswo2zsmdcgmqsj4hn5t7i5mprgyfqlkscgukgyovt36c2wvv346ludnn2ngvniokogtheexed5ma
2025-05-16 06:54:09,161 - Processed Base32 data for chunk000101.b64: 2OLOSWO2ZSMDCGMQSJ4HN5T7I5MPRGYFQLKSCGUKGYOVT36C2WVV346LUDNN2NGVNIOKOGTHEEXED5MA
2025-05-16 06:54:09,161 - Decoded chunk from chunk000101.b64
2025-05-16 06:54:09,161 - Raw content of chunk000102.b64: 4cuwjqspe5k6wuteh2kqvikts4rhwqav5mauhwrgee24l6acgvjqfx32k4n32sxxpklitofyptfke7ph
2025-05-16 06:54:09,161 - Processed Base32 data for chunk000102.b64: 4CUWJQSPE5K6WUTEH2KQVIKTS4RHWQAV5MAUHWRGEE24L6ACGVJQFX32K4N32SXXPKLITOFYPTFKE7PH
2025-05-16 06:54:09,161 - Decoded chunk from chunk000102.b64
2025-05-16 06:54:09,161 - Raw content of chunk000103.b64: lthqek2ckuhnzzuittst7ved3npuatajfba42q5iron7omqxmmqzatzrhpwjiusu5sk3nc4ztbeylkrn
2025-05-16 06:54:09,161 - Processed Base32 data for chunk000103.b64: LTHQEK2CKUHNZZUITTST7VED3NPUATAJFBA42Q5IRON7OMQXMMQZATZRHPWJIUSU5SK3NC4ZTBEYLKRN
2025-05-16 06:54:09,161 - Decoded chunk from chunk000103.b64
2025-05-16 06:54:09,161 - Raw content of chunk000104.b64: lwnwcjr7bz3omiaqncqfhveuibdjk2wfvn3gww3ffbkw66w5eqtcklqgrujzwcsef7r6aiusbo7ibuac
2025-05-16 06:54:09,161 - Processed Base32 data for chunk000104.b64: LWNWCJR7BZ3OMIAQNCQFHVEUIBDJK2WFVN3GWW3FFBKW66W5EQTCKLQGRUJZWCSEF7R6AIUSBO7IBUAC
2025-05-16 06:54:09,161 - Decoded chunk from chunk000104.b64
2025-05-16 06:54:09,162 - Raw content of chunk000105.b64: ouyxsapmbw2z7jiyvi7qk67dyxlawssa2venzjui5effkdvkuoklme7yilc2x3luue2dvz2vtp622rhu
2025-05-16 06:54:09,162 - Processed Base32 data for chunk000105.b64: OUYXSAPMBW2Z7JIYVI7QK67DYXLAWSSA2VENZJUI5EFFKDVKUOKLME7YILC2X3LUUE2DVZ2VTP622RHU
2025-05-16 06:54:09,166 - Decoded chunk from chunk000105.b64
2025-05-16 06:54:09,166 - Raw content of chunk000106.b64: uugdkjlaai2vhjoiftbw3boyuoseyyvh52ml2nsokf7gukqhqqlcikv6tgoikqedtsc3inyhsel7za37
2025-05-16 06:54:09,166 - Processed Base32 data for chunk000106.b64: UUGDKJLAAI2VHJOIFTBW3BOYUOSEYYVH52ML2NSOKF7GUKQHQQLCIKV6TGOIKQEDTSC3INYHSEL7ZA37
2025-05-16 06:54:09,166 - Decoded chunk from chunk000106.b64
2025-05-16 06:54:09,166 - Raw content of chunk000107.b64: hbhdc6ibw5nwc5ek6bjum4gtmmdddjeyknhfao46m33t7ybu67cbueyu2cqbf2fvtpu524hqf5qx52ld
2025-05-16 06:54:09,166 - Processed Base32 data for chunk000107.b64: HBHDC6IBW5NWC5EK6BJUM4GTMMDDDJEYKNHFAO46M33T7YBU67CBUEYU2CQBF2FVTPU524HQF5QX52LD
2025-05-16 06:54:09,166 - Decoded chunk from chunk000107.b64
2025-05-16 06:54:09,166 - Raw content of chunk000108.b64: pbrk3wn63jxkkarsnf2fvdfgummx53rzfzzuqb4d4zcgpjpkg63lgd72ggluajkvqqddfmyzeibtflsq
2025-05-16 06:54:09,166 - Processed Base32 data for chunk000108.b64: PBRK3WN63JXKKARSNF2FVDFGUMMX53RZFZZUQB4D4ZCGPJPKG63LGD72GGLUAJKVQQDDFMYZEIBTFLSQ
2025-05-16 06:54:09,166 - Decoded chunk from chunk000108.b64
2025-05-16 06:54:09,167 - Raw content of chunk000109.b64: ledkezpa6vtnfohfgu5zgkog6lp2ykeknhzxp72dv5x6ihrwseee5yklnud3c46hwrdftca4tw34yrld
2025-05-16 06:54:09,167 - Processed Base32 data for chunk000109.b64: LEDKEZPA6VTNFOHFGU5ZGKOG6LP2YKEKNHZXP72DV5X6IHRWSEEE5YKLNUD3C46HWRDFTCA4TW34YRLD
2025-05-16 06:54:09,167 - Decoded chunk from chunk000109.b64
2025-05-16 06:54:09,167 - Raw content of chunk000110.b64: b3oflcag6un4mf5igsjqtdg4fatpmuugiez2oeadj355lxrvan3sgdipfsccbncamv2cvtf33fu3no5j
2025-05-16 06:54:09,167 - Processed Base32 data for chunk000110.b64: B3OFLCAG6UN4MF5IGSJQTDG4FATPMUUGIEZ2OEADJ355LXRVAN3SGDIPFSCCBNCAMV2CVTF33FU3NO5J
2025-05-16 06:54:09,167 - Decoded chunk from chunk000110.b64
2025-05-16 06:54:09,167 - Raw content of chunk000111.b64: 63q6ou26jsnvatru3hhnpaxluavc4eknwyfsferz65i4zkmkoj6va4lfwrnp52y4bpisqynwdpuljuvp
2025-05-16 06:54:09,167 - Processed Base32 data for chunk000111.b64: 63Q6OU26JSNVATRU3HHNPAXLUAVC4EKNWYFSFERZ65I4ZKMKOJ6VA4LFWRNP52Y4BPISQYNWDPULJUVP
2025-05-16 06:54:09,167 - Decoded chunk from chunk000111.b64
2025-05-16 06:54:09,167 - Raw content of chunk000112.b64: o35swxtlm74sm6cxynv5lpaa3k746p7tknejw4vd6mqzogxvvnpd72yivwjbqndbxi3b73ocj2v57whw
2025-05-16 06:54:09,167 - Processed Base32 data for chunk000112.b64: O35SWXTLM74SM6CXYNV5LPAA3K746P7TKNEJW4VD6MQZOGXVVNPD72YIVWJBQNDBXI3B73OCJ2V57WHW
2025-05-16 06:54:09,167 - Decoded chunk from chunk000112.b64
2025-05-16 06:54:09,168 - Raw content of chunk000113.b64: jz35xv2snjfrofl3zux4mrpubptb3aeydcrkexrg4a2gh2cauu477bxs7jqd6k4xkmyezfefjdunu7fu
2025-05-16 06:54:09,168 - Processed Base32 data for chunk000113.b64: JZ35XV2SNJFROFL3ZUX4MRPUBPTB3AEYDCRKEXRG4A2GH2CAUU477BXS7JQD6K4XKMYEZFEFJDUNU7FU
2025-05-16 06:54:09,168 - Decoded chunk from chunk000113.b64
2025-05-16 06:54:09,168 - Raw content of chunk000114.b64: pkzztz5haijuh7htsza67xg73thmqwd6l3iiqlgddtnq3nfqkg63fukid6jpwr7tlsce5ilxb367i7f3
2025-05-16 06:54:09,168 - Processed Base32 data for chunk000114.b64: PKZZTZ5HAIJUH7HTSZA67XG73THMQWD6L3IIQLGDDTNQ3NFQKG63FUKID6JPWR7TLSCE5ILXB367I7F3
2025-05-16 06:54:09,168 - Decoded chunk from chunk000114.b64
2025-05-16 06:54:09,168 - Raw content of chunk000115.b64: o3gwybdgmqmvgdiwujew4e4gwa37gts2ir6ohnulhhtsacigbvzh3ochtg3fxyppu74jy2visjinmg62
2025-05-16 06:54:09,168 - Processed Base32 data for chunk000115.b64: O3GWYBDGMQMVGDIWUJEW4E4GWA37GTS2IR6OHNULHHTSACIGBVZH3OCHTG3FXYPPU74JY2VISJINMG62
2025-05-16 06:54:09,168 - Decoded chunk from chunk000115.b64
2025-05-16 06:54:09,169 - Raw content of chunk000116.b64: lpoww3rwllwqzwwm3m2vdnejybhtppe37vzkxm6tj4guvyd6ba2edi5tpfsx5vr4kkiulg5jbayj4fkn
2025-05-16 06:54:09,169 - Processed Base32 data for chunk000116.b64: LPOWW3RWLLWQZWWM3M2VDNEJYBHTPPE37VZKXM6TJ4GUVYD6BA2EDI5TPFSX5VR4KKIULG5JBAYJ4FKN
2025-05-16 06:54:09,169 - Decoded chunk from chunk000116.b64
2025-05-16 06:54:09,169 - Raw content of chunk000117.b64: ig6w5voinlxgm4wxzyflyhwhne4kcxlntnqxxzwrhsjxkc3df4p7l5nznbqescbuh45qphuvj4n6ocfp
2025-05-16 06:54:09,169 - Processed Base32 data for chunk000117.b64: IG6W5VOINLXGM4WXZYFLYHWHNE4KCXLNTNQXXZWRHSJXKC3DF4P7L5NZNBQESCBUH45QPHUVJ4N6OCFP
2025-05-16 06:54:09,169 - Decoded chunk from chunk000117.b64
2025-05-16 06:54:09,169 - Raw content of chunk000118.b64: 45nnwurc2dgjx62qhj2yegesrptl6xit4h25bvz3yw2ftlrzdfkjzm5ifxbpswzou4ffgokq5jaamlhg
2025-05-16 06:54:09,169 - Processed Base32 data for chunk000118.b64: 45NNWURC2DGJX62QHJ2YEGESRPTL6XIT4H25BVZ3YW2FTLRZDFKJZM5IFXBPSWZOU4FFGOKQ5JAAMLHG
2025-05-16 06:54:09,169 - Decoded chunk from chunk000118.b64
2025-05-16 06:54:09,170 - Raw content of chunk000119.b64: cqrbprt2ufdoegbnkalzcziy4t5paddnxylireloeenfonqxyvzlhoce5ckfd2emisy5ygcrrd4anfip
2025-05-16 06:54:09,170 - Processed Base32 data for chunk000119.b64: CQRBPRT2UFDOEGBNKALZCZIY4T5PADDNXYLIRELOEENFONQXYVZLHOCE5CKFD2EMISY5YGCRRD4ANFIP
2025-05-16 06:54:09,170 - Decoded chunk from chunk000119.b64
2025-05-16 06:54:09,170 - Raw content of chunk000120.b64: 6rm7colzxb4z3gclkotddums6hudzol7diqvsh2fnagmun4mf5efxs3cv5tueyvswpfvcu2qfie4e6x5
2025-05-16 06:54:09,171 - Processed Base32 data for chunk000120.b64: 6RM7COLZXB4Z3GCLKOTDDUMS6HUDZOL7DIQVSH2FNAGMUN4MF5EFXS3CV5TUEYVSWPFVCU2QFIE4E6X5
2025-05-16 06:54:09,171 - Decoded chunk from chunk000120.b64
2025-05-16 06:54:09,171 - Raw content of chunk000121.b64: 44lyfdrs66oah42pjbrledanhbg4zelothg4uwyresrruvmhbcnqixxpt4hyth25rgjupjkeo3rjqxgp
2025-05-16 06:54:09,171 - Processed Base32 data for chunk000121.b64: 44LYFDRS66OAH42PJBRLEDANHBG4ZELOTHG4UWYRESRRUVMHBCNQIXXPT4HYTH25RGJUPJKEO3RJQXGP
2025-05-16 06:54:09,171 - Decoded chunk from chunk000121.b64
2025-05-16 06:54:09,171 - Raw content of chunk000122.b64: qtbpjttgpiomq3l5vpo7fmrmqrzilsnhjrdphef4gnq4dcz3ccoi5hryvbwxlw635hdwbqqhzkf6hgyg
2025-05-16 06:54:09,171 - Processed Base32 data for chunk000122.b64: QTBPJTTGPIOMQ3L5VPO7FMRMQRZILSNHJRDPHEF4GNQ4DCZ3CCOI5HRYVBWXLW635HDWBQQHZKF6HGYG
2025-05-16 06:54:09,171 - Decoded chunk from chunk000122.b64
2025-05-16 06:54:09,174 - Raw content of chunk000123.b64: z4fljeep4yeez3bve5fqlarwrguugihh3izorm3s2h6fpu7d5kimaqqk4tdfdfmdmm5ycfsgm7gdmyr6
2025-05-16 06:54:09,174 - Processed Base32 data for chunk000123.b64: Z4FLJEEP4YEEZ3BVE5FQLARWRGUUGIHH3IZORM3S2H6FPU7D5KIMAQQK4TDFDFMDMM5YCFSGM7GDMYR6
2025-05-16 06:54:09,174 - Decoded chunk from chunk000123.b64
2025-05-16 06:54:09,174 - Raw content of chunk000124.b64: gbbcgaxflgry4mw43pw2oyaznu4sqczrgmxiitwbpaytu5ndcpqps2eemp5alcbbdkzs7a7lrt6koil4
2025-05-16 06:54:09,174 - Processed Base32 data for chunk000124.b64: GBBCGAXFLGRY4MW43PW2OYAZNU4SQCZRGMXIITWBPAYTU5NDCPQPS2EEMP5ALCBBDKZS7A7LRT6KOIL4
2025-05-16 06:54:09,174 - Decoded chunk from chunk000124.b64
2025-05-16 06:54:09,174 - Raw content of chunk000125.b64: xfw7opdi3nxhqv5og66bwlabjk24i2ebsjug6nyxrvivyrzjuj7cdhzwqwfzmkr2bgjy6jrum3dglirf
2025-05-16 06:54:09,174 - Processed Base32 data for chunk000125.b64: XFW7OPDI3NXHQV5OG66BWLABJK24I2EBSJUG6NYXRVIVYRZJUJ7CDHZWQWFZMKR2BGJY6JRUM3DGLIRF
2025-05-16 06:54:09,178 - Decoded chunk from chunk000125.b64
2025-05-16 06:54:09,178 - Raw content of chunk000126.b64: qjj4uhce4xqm662fggtuyyzdpg4gpfa7zeu4c5hcuz7aw4qwosj42rwnh5jxhjs33upa7znakigburds
2025-05-16 06:54:09,178 - Processed Base32 data for chunk000126.b64: QJJ4UHCE4XQM662FGGTUYYZDPG4GPFA7ZEU4C5HCUZ7AW4QWOSJ42RWNH5JXHJS33UPA7ZNAKIGBURDS
2025-05-16 06:54:09,178 - Decoded chunk from chunk000126.b64
2025-05-16 06:54:09,178 - Raw content of chunk000127.b64: e46ggfvunnqrterezyk2q6npfflh3t523dz3u23lu6lvgwlfqrqpuld7d5icdlexegzxhgab6o6v4o5i
2025-05-16 06:54:09,178 - Processed Base32 data for chunk000127.b64: E46GGFVUNNQRTEREZYK2Q6NPFFLH3T523DZ3U23LU6LVGWLFQRQPULD7D5ICDLEXEGZXHGAB6O6V4O5I
2025-05-16 06:54:09,178 - Decoded chunk from chunk000127.b64
2025-05-16 06:54:09,179 - Raw content of chunk000128.b64: xzpeflxx2fpksxvlwy32vtllvgzud4zlokfpgard2ejs4vktgtkdgtufkfdddz6jdg2wk6goef33uqry
2025-05-16 06:54:09,179 - Processed Base32 data for chunk000128.b64: XZPEFLXX2FPKSXVLWY32VTLLVGZUD4ZLOKFPGARD2EJS4VKTGTKDGTUFKFDDDZ6JDG2WK6GOEF33UQRY
2025-05-16 06:54:09,179 - Decoded chunk from chunk000128.b64
2025-05-16 06:54:09,179 - Raw content of chunk000129.b64: zkzvzgyepeqrpdijrknodu7ixhoxynckkhksbc463pg5lknffgviuhsnuxzncbgdzag7ubihmfx5bc3b
2025-05-16 06:54:09,179 - Processed Base32 data for chunk000129.b64: ZKZVZGYEPEQRPDIJRKNODU7IXHOXYNCKKHKSBC463PG5LKNFFGVIUHSNUXZNCBGDZAG7UBIHMFX5BC3B
2025-05-16 06:54:09,179 - Decoded chunk from chunk000129.b64
2025-05-16 06:54:09,179 - Raw content of chunk000130.b64: e2gwa34yzia3uxkmv2dwvefyywofer3apsaucbwuyu2re5lr6mib3hj5f2qa2nnlgfuod3x72jv6pmvw
2025-05-16 06:54:09,180 - Processed Base32 data for chunk000130.b64: E2GWA34YZIA3UXKMV2DWVEFYYWOFER3APSAUCBWUYU2RE5LR6MIB3HJ5F2QA2NNLGFUOD3X72JV6PMVW
2025-05-16 06:54:09,180 - Decoded chunk from chunk000130.b64
2025-05-16 06:54:09,180 - Raw content of chunk000131.b64: mvgn3c4rdmjvcx27ubjytcmwrjcoovhtoxff3bbpibowmc4kwa324me6uvkhihvjoli4j4uvo3o3xvho
2025-05-16 06:54:09,180 - Processed Base32 data for chunk000131.b64: MVGN3C4RDMJVCX27UBJYTCMWRJCOOVHTOXFF3BBPIBOWMC4KWA324ME6UVKHIHVJOLI4J4UVO3O3XVHO
2025-05-16 06:54:09,180 - Decoded chunk from chunk000131.b64
2025-05-16 06:54:09,180 - Raw content of chunk000132.b64: ezrtsncgtc6q64ygani5k4gcgf227ffy5qgpnbwlbpqtwoqkvini5ujju7irine7gz757ooy3zedi4zi
2025-05-16 06:54:09,180 - Processed Base32 data for chunk000132.b64: EZRTSNCGTC6Q64YGANI5K4GCGF227FFY5QGPNBWLBPQTWOQKVINI5UJJU7IRINE7GZ757OOY3ZEDI4ZI
2025-05-16 06:54:09,182 - Decoded chunk from chunk000132.b64
2025-05-16 06:54:09,182 - Raw content of chunk000133.b64: 4bkkc6qzdxw4xzdt5krcfoiqsgcvzkowvzo63ntxll2y22xpljrlbsuq7mf74emg4letnzni7vjyrpjk
2025-05-16 06:54:09,182 - Processed Base32 data for chunk000133.b64: 4BKKC6QZDXW4XZDT5KRCFOIQSGCVZKOWVZO63NTXLL2Y22XPLJRLBSUQ7MF74EMG4LETNZNI7VJYRPJK
2025-05-16 06:54:09,182 - Decoded chunk from chunk000133.b64
2025-05-16 06:54:09,182 - Raw content of chunk000134.b64: myqzsxi3m37rjpgz2zyz2zxof6qhmy5bz4fdslkaomivgkjkpd2aixzotl7rwnkrhmbocu2lxfujzyhw
2025-05-16 06:54:09,182 - Processed Base32 data for chunk000134.b64: MYQZSXI3M37RJPGZ2ZYZ2ZXOF6QHMY5BZ4FDSLKAOMIVGKJKPD2AIXZOTL7RWNKRHMBOCU2LXFUJZYHW
2025-05-16 06:54:09,186 - Decoded chunk from chunk000134.b64
2025-05-16 06:54:09,186 - Raw content of chunk000135.b64: h3uhql4tcwi3jrsmr6q5xjmyspgby5kka45chvetr5nkfhv64hixwvz2g6vjtg7772bsxof5r5yd6k27
2025-05-16 06:54:09,186 - Processed Base32 data for chunk000135.b64: H3UHQL4TCWI3JRSMR6Q5XJMYSPGBY5KKA45CHVETR5NKFHV64HIXWVZ2G6VJTG7772BSXOF5R5YD6K27
2025-05-16 06:54:09,186 - Decoded chunk from chunk000135.b64
2025-05-16 06:54:09,186 - Raw content of chunk000136.b64: bokchoqp53jorcnkaj5sggg2r2vjvswf4qzte4jur2njg27imwbn3mo4koxzyovilwpndsosqlfacmzr
2025-05-16 06:54:09,186 - Processed Base32 data for chunk000136.b64: BOKCHOQP53JORCNKAJ5SGGG2R2VJVSWF4QZTE4JUR2NJG27IMWBN3MO4KOXZYOVILWPNDSOSQLFACMZR
2025-05-16 06:54:09,186 - Decoded chunk from chunk000136.b64
2025-05-16 06:54:09,186 - Raw content of chunk000137.b64: mniekmyxgec6klsgn2nelj43bjzd3qoeg47hud2gh2trffplxgfe5qrmkx55lzm3wwwwv25kg6yucruv
2025-05-16 06:54:09,187 - Processed Base32 data for chunk000137.b64: MNIEKMYXGEC6KLSGN2NELJ43BJZD3QOEG47HUD2GH2TRFFPLXGFE5QRMKX55LZM3WWWWV25KG6YUCRUV
2025-05-16 06:54:09,187 - Decoded chunk from chunk000137.b64
2025-05-16 06:54:09,187 - Raw content of chunk000138.b64: qovkfconge2tsf4yncu2cutfyw22lzn2tdwoy553bawtqarteuicjgx4otndppdoz6gn5u6ohg4bumnx
2025-05-16 06:54:09,187 - Processed Base32 data for chunk000138.b64: QOVKFCONGE2TSF4YNCU2CUTFYW22LZN2TDWOY553BAWTQARTEUICJGX4OTNDPPDOZ6GN5U6OHG4BUMNX
2025-05-16 06:54:09,187 - Decoded chunk from chunk000138.b64
2025-05-16 06:54:09,187 - Raw content of chunk000139.b64: wqogovcf474qfq45jsqcvgxb263fghvjhbbghke2dqrdsq6q43qm5gdrlmcgq2y5v4k55hucvaovjlsx
2025-05-16 06:54:09,187 - Processed Base32 data for chunk000139.b64: WQOGOVCF474QFQ45JSQCVGXB263FGHVJHBBGHKE2DQRDSQ6Q43QM5GDRLMCGQ2Y5V4K55HUCVAOVJLSX
2025-05-16 06:54:09,187 - Decoded chunk from chunk000139.b64
2025-05-16 06:54:09,187 - Raw content of chunk000140.b64: 2fu6cs4nk26x3i5x4f23og5nnjbbkdesa5rhudd5s3bjy42qbztcprkmiebu4655vvwc36f7kqnckny5
2025-05-16 06:54:09,187 - Processed Base32 data for chunk000140.b64: 2FU6CS4NK26X3I5X4F23OG5NNJBBKDESA5RHUDD5S3BJY42QBZTCPRKMIEBU4655VVWC36F7KQNCKNY5
2025-05-16 06:54:09,187 - Decoded chunk from chunk000140.b64
2025-05-16 06:54:09,187 - Raw content of chunk000141.b64: iqsh7fzh6meqmtjr2yfzy2qvtpigmzthrgm5bcwrlm22ez5alkg75lnzmqxoirfc4rtluxi5io5347jt
2025-05-16 06:54:09,188 - Processed Base32 data for chunk000141.b64: IQSH7FZH6MEQMTJR2YFZY2QVTPIGMZTHRGM5BCWRLM22EZ5ALKG75LNZMQXOIRFC4RTLUXI5IO5347JT
2025-05-16 06:54:09,188 - Decoded chunk from chunk000141.b64
2025-05-16 06:54:09,188 - Raw content of chunk000142.b64: ru7eccvlndzq4dbx3ij57pwwvnkfx5jl5vkdicgqrd4anhirbxrvxhrptbtqime4tlt4i7m5fzbipflj
2025-05-16 06:54:09,188 - Processed Base32 data for chunk000142.b64: RU7ECCVLNDZQ4DBX3IJ57PWWVNKFX5JL5VKDICGQRD4ANHIRBXRVXHRPTBTQIME4TLT4I7M5FZBIPFLJ
2025-05-16 06:54:09,188 - Decoded chunk from chunk000142.b64
2025-05-16 06:54:09,188 - Raw content of chunk000143.b64: elkhkek6j7gvhz2bvyxubi6icmo6csmylq2kmmdhigutbm3iarwqy5jwb45hcfwujc4wrfsurdxihorm
2025-05-16 06:54:09,188 - Processed Base32 data for chunk000143.b64: ELKHKEK6J7GVHZ2BVYXUBI6ICMO6CSMYLQ2KMMDHIGUTBM3IARWQY5JWB45HCFWUJC4WRFSURDXIHORM
2025-05-16 06:54:09,188 - Decoded chunk from chunk000143.b64
2025-05-16 06:54:09,188 - Raw content of chunk000144.b64: pjduopvhijqtzs4ftloel2eummvhy43cjwchw3pzwru4y3qf27i3wtps2eoincpeudj7alcby7fx4jqt
2025-05-16 06:54:09,188 - Processed Base32 data for chunk000144.b64: PJDUOPVHIJQTZS4FTLOEL2EUMMVHY43CJWCHW3PZWRU4Y3QF27I3WTPS2EOINCPEUDJ7ALCBY7FX4JQT
2025-05-16 06:54:09,189 - Decoded chunk from chunk000144.b64
2025-05-16 06:54:09,189 - Raw content of chunk000145.b64: otvkfpg6rhtl36kzyz7vcmzglkdl2tf6t5jifsooeztqkxu7t7v73n7qcxf43cp27ibc3icovqeso6tc
2025-05-16 06:54:09,189 - Processed Base32 data for chunk000145.b64: OTVKFPG6RHTL36KZYZ7VCMZGLKDL2TF6T5JIFSOOEZTQKXU7T7V73N7QCXF43CP27IBC3ICOVQESO6TC
2025-05-16 06:54:09,190 - Decoded chunk from chunk000145.b64
2025-05-16 06:54:09,190 - Raw content of chunk000146.b64: grpw4xfd4yqty6uljnivla6zgmjdvwunzxtziuwmgqh7uu4fwbpousgu5etb2tij6lh5acujpt3f7mpi
2025-05-16 06:54:09,190 - Processed Base32 data for chunk000146.b64: GRPW4XFD4YQTY6ULJNIVLA6ZGMJDVWUNZXTZIUWMGQH7UU4FWBPOUSGU5ETB2TIJ6LH5ACUJPT3F7MPI
2025-05-16 06:54:09,190 - Decoded chunk from chunk000146.b64
2025-05-16 06:54:09,194 - Raw content of chunk000147.b64: psenpklgkro6mvnpbbhkcgverc5joukurxsje2fpfw7v7uausma4dxwcu4fqx5spkfjvau2fr5hikzol
2025-05-16 06:54:09,194 - Processed Base32 data for chunk000147.b64: PSENPKLGKRO6MVNPBBHKCGVERC5JOUKURXSJE2FPFW7V7UAUSMA4DXWCU4FQX5SPKFJVAU2FR5HIKZOL
2025-05-16 06:54:09,194 - Decoded chunk from chunk000147.b64
2025-05-16 06:54:09,194 - Raw content of chunk000148.b64: bu5bjvhodch2m6ifknimz6jxmzhmeybg3ohixgmcil3yc6olvde7lofhley47xbri4r572nhoxy2zbqt
2025-05-16 06:54:09,194 - Processed Base32 data for chunk000148.b64: BU5BJVHODCH2M6IFKNIMZ6JXMZHMEYBG3OHIXGMCIL3YC6OLVDE7LOFHLEY47XBRI4R572NHOXY2ZBQT
2025-05-16 06:54:09,194 - Decoded chunk from chunk000148.b64
2025-05-16 06:54:09,194 - Raw content of chunk000149.b64: qi5dtt3r563riaxvxqz5i3yyjzo5j6znxhyqlrhtbmbpk3qt4zdld56sozr32655wkoaury5qj4s6ald
2025-05-16 06:54:09,194 - Processed Base32 data for chunk000149.b64: QI5DTT3R563RIAXVXQZ5I3YYJZO5J6ZNXHYQLRHTBMBPK3QT4ZDLD56SOZR32655WKOAURY5QJ4S6ALD
2025-05-16 06:54:09,194 - Decoded chunk from chunk000149.b64
2025-05-16 06:54:09,195 - Raw content of chunk000150.b64: 2ee7axbuezio6dybl4ecop555vvlpx5lou6s6zmmyeoi52j6zsjrvgbhi3656eumtg7ylt7n427bldlj
2025-05-16 06:54:09,195 - Processed Base32 data for chunk000150.b64: 2EE7AXBUEZIO6DYBL4ECOP555VVLPX5LOU6S6ZMMYEOI52J6ZSJRVGBHI3656EUMTG7YLT7N427BLDLJ
2025-05-16 06:54:09,195 - Decoded chunk from chunk000150.b64
2025-05-16 06:54:09,195 - Raw content of chunk000151.b64: 2tz45fcgcogpyhlwqi5b6yxw3iig6cfetjqwqy6km3a2zzug36pzu2lzxxoz5watm4odkg4u2ejs4bnz
2025-05-16 06:54:09,195 - Processed Base32 data for chunk000151.b64: 2TZ45FCGCOGPYHLWQI5B6YXW3IIG6CFETJQWQY6KM3A2ZZUG36PZU2LZXXOZ5WATM4ODKG4U2EJS4BNZ
2025-05-16 06:54:09,195 - Decoded chunk from chunk000151.b64
2025-05-16 06:54:09,195 - Raw content of chunk000152.b64: dz26nr3iegmevzlw4ikhpdql4ttam47s3smqhj5idglxtyuamgtcxka5agukfq3hcvzt3cytrj63wv3y
2025-05-16 06:54:09,195 - Processed Base32 data for chunk000152.b64: DZ26NR3IEGMEVZLW4IKHPDQL4TTAM47S3SMQHJ5IDGLXTYUAMGTCXKA5AGUKFQ3HCVZT3CYTRJ63WV3Y
2025-05-16 06:54:09,195 - Decoded chunk from chunk000152.b64
2025-05-16 06:54:09,195 - Raw content of chunk000153.b64: t26lxu7lpp2xfk6xv43jxso5ghsbg7dootzgvi4rwldrm7myvmy663vcuo33hgvhs2ni33fbflfborxh
2025-05-16 06:54:09,195 - Processed Base32 data for chunk000153.b64: T26LXU7LPP2XFK6XV43JXSO5GHSBG7DOOTZGVI4RWLDRM7MYVMY663VCUO33HGVHS2NI33FBFLFBORXH
2025-05-16 06:54:09,196 - Decoded chunk from chunk000153.b64
2025-05-16 06:54:09,196 - Raw content of chunk000154.b64: a37roucla4ejj27hflfb2aaagsxqaacqjmaqefadcqaaqaaiacfyw5k2stv6okwkduaaanfpaaaa6aay
2025-05-16 06:54:09,196 - Processed Base32 data for chunk000154.b64: A37ROUCLA4EJJ27HFLFB2AAAGSXQAACQJMAQEFADCQAAQAAIACFYW5K2STV6OKWKDUAAANFPAAAA6AAY
2025-05-16 06:54:09,196 - Decoded chunk from chunk000154.b64
2025-05-16 06:54:09,196 - Raw content of chunk000155.b64: aaaaaaaaaaaaaafwqeaaaaaaon4xg5dfnvpws3tgn4xhi6duov4awaabaqaaaaaaaqaaaaaakvkakaab
2025-05-16 06:54:09,196 - Processed Base32 data for chunk000155.b64: AAAAAAAAAAAAAAFWQEAAAAAAON4XG5DFNVPWS3TGN4XHI6DUOV4AWAABAQAAAAAAAQAAAAAAKVKAKAAB
2025-05-16 06:54:09,196 - Decoded chunk from chunk000155.b64
2025-05-16 06:54:09,196 - Raw content of chunk000156.b64: e4r52z2qjmcqmaaaaaaacaababkqaaaae4paaaaaaa======
2025-05-16 06:54:09,196 - Processed Base32 data for chunk000156.b64: E4R52Z2QJMCQMAAAAAAACAABABKQAAAAE4PAAAAAAA======
2025-05-16 06:54:09,196 - Decoded chunk from chunk000156.b64
2025-05-16 06:54:09,196 - Successfully rebuilt ZIP file: restored_zips/victim_c7d173_sessiona6097c26_restored.zip
