2025-04-04T10:02:42Z | CHUNK:0003 | VICTIM:victim1 | B64:AAAAQAAAAAVVQNAAffFN1n3xTdZ80U3WdTcUosTjUzUbBViHbO
2025-04-04T10:02:42Z | CHUNK:0004 | VICTIM:victim1 | B64:zytLLSqJtbIKyYeIBpcUZeala0QHVxaXpObqefrruWXmpAIVBK
2025-04-04T10:07:15Z | CHUNK:main | VICTIM:pintruder | B64:com
2025-04-04T10:07:15Z | CHUNK:main | VICTIM:pintruder | B64:com
2025-04-04T10:07:15Z | CHUNK:main | VICTIM:pintruder | B64:com
2025-04-04T10:07:16Z | CHUNK:0001-VyZmFjZU5ldHdvcmtpbmctVmlydHVhbEJveCBIb3N0LU9ubHkg | VICTIM:pintruder | B64:com
2025-04-04T10:07:16Z | CHUNK:0002-RXRoZXJuZXQgQWRhcHRlci1EaGNwZC5sb2fFXW1v2zi2/r7A/Q | VICTIM:pintruder | B64:com
2025-04-04T10:07:17Z | CHUNK:0003-/8VheYaPgmkTJwC7RNOhvsJOlN2s5gbheFLFGpUcfO2s40xe7+ | VICTIM:pintruder | B64:com
2025-04-04T10:07:18Z | CHUNK:0004-9z20E5M+JhV7Su1kOzttec55KPKQh3oeSUPpkNpfGRWsKBX5MJ | VICTIM:pintruder | B64:com
2025-04-04T10:07:18Z | CHUNK:0005-4v76rJq9k9Of7r67fkysx/N3OiMpZJMmdFziglX8fTrLppCkkG | VICTIM:pintruder | B64:com
2025-04-04T10:07:19Z | CHUNK:0006-F/WSMEo45ZIwPczVkIrnZG4mploYMpld/89f6BZESX6eXZPZrZ | VICTIM:pintruder | B64:com
2025-04-04T10:07:20Z | CHUNK:0007-maxrrlR1TAr3cMPOVQ8EyxnFKtKP1t1/XV3XjSkHffbs3wEWPb | VICTIM:pintruder | B64:com
2025-04-04T10:07:20Z | CHUNK:0008-SFFBLq7I2/msuauXQ/LLeNrMvi4IY9hOWrvLdYwhXEJGM17AxQ | VICTIM:pintruder | B64:com
2025-04-04T10:07:21Z | CHUNK:0009-Xt7CiMa0PeVvWXIfFMJKMqL8jx2ekjJjmvbmzA/Lfjkl6+P/rp | VICTIM:pintruder | B64:com
2025-04-04T10:07:22Z | CHUNK:0010-17z4m+/BuaZsy+ODmS/Gs+mQ0IxhS0XejOc3X6u5IcvVZb8/eX | VICTIM:pintruder | B64:com
2025-04-04T10:07:22Z | CHUNK:0011-O6ZSRgaKCD9R2YvJrN4KKPx4tqNDENMhOS/HW2WJLLl2fQv4KW | VICTIM:pintruder | B64:com
2025-04-04T10:07:23Z | CHUNK:0012-+uwVGbA8Uz+9ek6Ws2U1+YGwspDw19Xv1Xhig+AYipzcA9bStg | VICTIM:pintruder | B64:com
2025-04-04T10:07:24Z | CHUNK:0013-3J6+FHuIjreXUD3ZyYxceLeVVPzEeXRR8/wP+dm6VNpszc78TT | VICTIM:pintruder | B64:com
2025-04-04T10:07:24Z | CHUNK:0014-dhRqs1iQ02PolaRaBkxg2KvrxxH45fT8+OKXq0+FfHX67urTTy | VICTIM:pintruder | B64:com
2025-04-04T10:07:25Z | CHUNK:0015-fnJ5enr7FXuZn7N6ZawuAshrsmhLyewbCdLmaTaglTQAZn5mY2 | VICTIM:pintruder | B64:com
2025-04-04T10:07:26Z | CHUNK:0016-/0ZOp0tzPR8vvz0fkpPzl69+Pjne9paak6OjejZtx9dDshpY6z | VICTIM:pintruder | B64:com
2025-04-04T10:07:26Z | CHUNK:0017-Nvq9rA5X6dzb+Mp9dH3nKyJkcX08k3crL8bOZTsyQvm+oWfFDk | VICTIM:pintruder | B64:com
2025-04-04T10:07:27Z | CHUNK:0018-kq0i39yYKUxmqsgFZDMtyOlbUjUNjMYCeg2zzTNW6CwvMkj9H7 | VICTIM:pintruder | B64:com
2025-04-04T10:07:28Z | CHUNK:0019-lEDpxCpJU1uZ3NJsNtB+in/xc8x+6Sk7OXrx8ByXhBprMlWdya | VICTIM:pintruder | B64:com
2025-04-04T10:07:34Z | CHUNK:0020-etyOTTOEjWQyIXewUVzDdjCvlrAlWAeqbRCuhlwPm3qYNyiuXX | VICTIM:pintruder | B64:com
2025-04-04T10:07:35Z | CHUNK:0021-Gj4XD8ydiBeTO+N81DN18uFuPr6XrkdqKg7lMUtWCwX1UNDC5Z | VICTIM:pintruder | B64:com
2025-04-04T10:07:35Z | CHUNK:0022-7QoL0s5nNzbH3y9ghX6s5uPF3cfMy+3vmpuj48/1bZOtoba7wr | VICTIM:pintruder | B64:com
2025-04-04T10:07:36Z | CHUNK:0023-Ugl3fT5fjGEDOfz+ar/dJ27Nl/pTfPSAuYc7MejA8nl5ef3pz+ | VICTIM:pintruder | B64:com
2025-04-04T10:07:37Z | CHUNK:0024-fPLp/OLdpzcX78+PycAu99VstrO7aZM99y9AccE0uXr/dkgu1v | VICTIM:pintruder | B64:com
2025-04-04T10:07:49Z | CHUNK:0025-v8h7OzS5rNKRnss2M8GD8n1ZLQ+1/Rz2qSIOboG4FrIFNYuL8b | VICTIM:pintruder | B64:com
2025-04-04T10:07:50Z | CHUNK:0026-MrdXStdt8wz1Rjz0BupWM7p+QTKoHWBIfmz32sEe+vO/u33Z4L | VICTIM:pintruder | B64:com
2025-04-04T10:07:50Z | CHUNK:0027-CszKnQsK+fXr2+gBEj9+MGOi9F247aRpD6s10FLidzOixGQ6W3 | VICTIM:pintruder | B64:com
2025-04-04T10:07:51Z | CHUNK:0028-I0ghCKnHa9Ns9T9kIHMwmIwhwckYEhrWINUESjJXJKekGJGdkD | VICTIM:pintruder | B64:com
2025-04-04T10:07:52Z | CHUNK:0029-knMJX/uDMLu7we1+LjSoCKnpXYpYBe3FYwJgvyT8IIJwVhHEoa | VICTIM:pintruder | B64:com
2025-04-04T10:07:52Z | CHUNK:0030-4QXhGn7PiCDQVUmJZARWOWMl4RL+ATCmyL+34+WwXmGv4UPybL | VICTIM:pintruder | B64:com
2025-04-04T10:07:53Z | CHUNK:0031-G8a6DvXk4+Q7YFdJfAMYJQDvFRo6KbAR4SWOgzO+1kPP29msBw | VICTIM:pintruder | B64:com
2025-04-04T10:07:56Z | CHUNK:0032-71wl9s7JC1JNJrMadprHfW05exzP/6dsuDM/fyeDnb97juJqBX | VICTIM:pintruder | B64:com
2025-04-04T10:07:57Z | CHUNK:0033-Ez+CE1rJml7dLUfCUjyDb4PTIuxaPxY08avKu2c2O2vQqY4Z9X | VICTIM:pintruder | B64:com
2025-04-04T10:07:57Z | CHUNK:0034-J6rVnmD/uDD1ggwa01Z3kyXqUQHT8eLFC29AZrer8sbI4OpuBM | VICTIM:pintruder | B64:com
2025-04-04T10:07:58Z | CHUNK:0035-v+rFp8wU48J+tufa2+Lcji7vYWxqVBRoKGI3MyeAddu2jbhdnp | VICTIM:pintruder | B64:com
2025-04-04T10:16:13Z | CHUNK:mAin | VICTIM:PIntRudeR | B64:COm
2025-04-04T10:16:14Z | CHUNK:Main | VICTIM:PiNTruDER | B64:COm
2025-04-04T10:16:14Z | CHUNK:MAIN | VICTIM:piNTruDer | B64:coM
2025-04-04T10:20:32Z | CHUNK:* | VICTIM:pINtrudER | B64:com
2025-04-04T10:45:31Z | CHUNK:sMTp | VICTIM:PINtRuDeR | B64:COM
